<?xml version="1.0" encoding="UTF-8"?>
<testsuite xmlns:xsi="http://www.w3.org/2001/XMLSchema-instance" xsi:noNamespaceSchemaLocation="https://maven.apache.org/surefire/maven-surefire-plugin/xsd/surefire-test-report-3.0.xsd" version="3.0" name="org.jboss.as.quickstarts.kitchensink.KitchensinkApplicationTests" time="2.684" tests="15" errors="1" skipped="0" failures="1">
  <properties>
[...]
</properties>
  <testcase name="contextLoads" classname="org.jboss.as.quickstarts.kitchensink.KitchensinkApplicationTests" time="0.262">
    <system-out><![CDATA[13:31:11.678 [main] INFO org.springframework.test.context.support.AnnotationConfigContextLoaderUtils -- Could not detect default configuration classes for test class [org.jboss.as.quickstarts.kitchensink.KitchensinkApplicationTests]: KitchensinkApplicationTests does not declare any static, non-private, non-final, nested classes annotated with @Configuration.
13:31:11.727 [main] INFO org.springframework.boot.test.context.SpringBootTestContextBootstrapper -- Found @SpringBootConfiguration org.jboss.as.quickstarts.kitchensink.KitchensinkApplication for test class org.jboss.as.quickstarts.kitchensink.KitchensinkApplicationTests
13:31:11.784 [main] INFO org.springframework.boot.devtools.restart.RestartApplicationListener -- Restart disabled due to context in which it is running

  .   ____          _            __ _ _
 /\\ / ___'_ __ _ _(_)_ __  __ _ \ \ \ \
( ( )\___ | '_ | '_| | '_ \/ _` | \ \ \ \
 \\/  ___)| |_)| | | | | || (_| |  ) ) ) )
  '  |____| .__|_| |_|_| |_\__, | / / / /
 =========|_|==============|___/=/_/_/_/
&amp#27;[32m :: Spring Boot :: &amp#27;[39m              &amp#27;[2m (v3.2.1)&amp#27;[0;39m

&amp#27;[2m2025-08-25T13:31:11.901-07:00&amp#27;[0;39m &amp#27;[32m INFO&amp#27;[0;39m &amp#27;[35m63658&amp#27;[0;39m &amp#27;[2m---&amp#27;[0;39m &amp#27;[2m[kitchensink-spring-boot] [           main]&amp#27;[0;39m &amp#27;[2m&amp#27;[0;39m&amp#27;[36mo.j.a.q.k.KitchensinkApplicationTests   &amp#27;[0;39m &amp#27;[2m:&amp#27;[0;39m Starting KitchensinkApplicationTests using Java 24.0.2 with PID 63658 (started by shivamtrivedi in /Users/shivamtrivedi/workspace/jboss-eap-quickstarts/kitchensink-spring-boot)
&amp#27;[2m2025-08-25T13:31:11.901-07:00&amp#27;[0;39m &amp#27;[32m INFO&amp#27;[0;39m &amp#27;[35m63658&amp#27;[0;39m &amp#27;[2m---&amp#27;[0;39m &amp#27;[2m[kitchensink-spring-boot] [           main]&amp#27;[0;39m &amp#27;[2m&amp#27;[0;39m&amp#27;[36mo.j.a.q.k.KitchensinkApplicationTests   &amp#27;[0;39m &amp#27;[2m:&amp#27;[0;39m No active profile set, falling back to 1 default profile: "default"
&amp#27;[2m2025-08-25T13:31:12.075-07:00&amp#27;[0;39m &amp#27;[32m INFO&amp#27;[0;39m &amp#27;[35m63658&amp#27;[0;39m &amp#27;[2m---&amp#27;[0;39m &amp#27;[2m[kitchensink-spring-boot] [           main]&amp#27;[0;39m &amp#27;[2m&amp#27;[0;39m&amp#27;[36m.s.d.r.c.RepositoryConfigurationDelegate&amp#27;[0;39m &amp#27;[2m:&amp#27;[0;39m Bootstrapping Spring Data JPA repositories in DEFAULT mode.
&amp#27;[2m2025-08-25T13:31:12.092-07:00&amp#27;[0;39m &amp#27;[32m INFO&amp#27;[0;39m &amp#27;[35m63658&amp#27;[0;39m &amp#27;[2m---&amp#27;[0;39m &amp#27;[2m[kitchensink-spring-boot] [           main]&amp#27;[0;39m &amp#27;[2m&amp#27;[0;39m&amp#27;[36m.s.d.r.c.RepositoryConfigurationDelegate&amp#27;[0;39m &amp#27;[2m:&amp#27;[0;39m Finished Spring Data repository scanning in 13 ms. Found 1 JPA repository interface.
&amp#27;[2m2025-08-25T13:31:12.197-07:00&amp#27;[0;39m &amp#27;[32m INFO&amp#27;[0;39m &amp#27;[35m63658&amp#27;[0;39m &amp#27;[2m---&amp#27;[0;39m &amp#27;[2m[kitchensink-spring-boot] [           main]&amp#27;[0;39m &amp#27;[2m&amp#27;[0;39m&amp#27;[36mbeddedDataSourceBeanFactoryPostProcessor&amp#27;[0;39m &amp#27;[2m:&amp#27;[0;39m Replacing 'dataSource' DataSource bean with embedded version
&amp#27;[2m2025-08-25T13:31:12.368-07:00&amp#27;[0;39m &amp#27;[32m INFO&amp#27;[0;39m &amp#27;[35m63658&amp#27;[0;39m &amp#27;[2m---&amp#27;[0;39m &amp#27;[2m[kitchensink-spring-boot] [           main]&amp#27;[0;39m &amp#27;[2m&amp#27;[0;39m&amp#27;[36mo.s.b.w.embedded.tomcat.TomcatWebServer &amp#27;[0;39m &amp#27;[2m:&amp#27;[0;39m Tomcat initialized with port 0 (http)
&amp#27;[2m2025-08-25T13:31:12.382-07:00&amp#27;[0;39m &amp#27;[32m INFO&amp#27;[0;39m &amp#27;[35m63658&amp#27;[0;39m &amp#27;[2m---&amp#27;[0;39m &amp#27;[2m[kitchensink-spring-boot] [           main]&amp#27;[0;39m &amp#27;[2m&amp#27;[0;39m&amp#27;[36mo.apache.catalina.core.StandardService  &amp#27;[0;39m &amp#27;[2m:&amp#27;[0;39m Starting service [Tomcat]
&amp#27;[2m2025-08-25T13:31:12.382-07:00&amp#27;[0;39m &amp#27;[32m INFO&amp#27;[0;39m &amp#27;[35m63658&amp#27;[0;39m &amp#27;[2m---&amp#27;[0;39m &amp#27;[2m[kitchensink-spring-boot] [           main]&amp#27;[0;39m &amp#27;[2m&amp#27;[0;39m&amp#27;[36mo.apache.catalina.core.StandardEngine   &amp#27;[0;39m &amp#27;[2m:&amp#27;[0;39m Starting Servlet engine: [Apache Tomcat/10.1.17]
&amp#27;[2m2025-08-25T13:31:12.400-07:00&amp#27;[0;39m &amp#27;[32m INFO&amp#27;[0;39m &amp#27;[35m63658&amp#27;[0;39m &amp#27;[2m---&amp#27;[0;39m &amp#27;[2m[kitchensink-spring-boot] [           main]&amp#27;[0;39m &amp#27;[2m&amp#27;[0;39m&amp#27;[36mo.a.c.c.C.[Tomcat].[localhost].[/]      &amp#27;[0;39m &amp#27;[2m:&amp#27;[0;39m Initializing Spring embedded WebApplicationContext
&amp#27;[2m2025-08-25T13:31:12.400-07:00&amp#27;[0;39m &amp#27;[32m INFO&amp#27;[0;39m &amp#27;[35m63658&amp#27;[0;39m &amp#27;[2m---&amp#27;[0;39m &amp#27;[2m[kitchensink-spring-boot] [           main]&amp#27;[0;39m &amp#27;[2m&amp#27;[0;39m&amp#27;[36mw.s.c.ServletWebServerApplicationContext&amp#27;[0;39m &amp#27;[2m:&amp#27;[0;39m Root WebApplicationContext: initialization completed in 490 ms
&amp#27;[2m2025-08-25T13:31:12.407-07:00&amp#27;[0;39m &amp#27;[32m INFO&amp#27;[0;39m &amp#27;[35m63658&amp#27;[0;39m &amp#27;[2m---&amp#27;[0;39m &amp#27;[2m[kitchensink-spring-boot] [           main]&amp#27;[0;39m &amp#27;[2m&amp#27;[0;39m&amp#27;[36mo.s.j.d.e.EmbeddedDatabaseFactory       &amp#27;[0;39m &amp#27;[2m:&amp#27;[0;39m Starting embedded database: url='jdbc:h2:mem:ac1482f0-9c0b-4c03-8acc-74bd38aa3648;DB_CLOSE_DELAY=-1;DB_CLOSE_ON_EXIT=false', username='sa'
&amp#27;[2m2025-08-25T13:31:12.478-07:00&amp#27;[0;39m &amp#27;[32m INFO&amp#27;[0;39m &amp#27;[35m63658&amp#27;[0;39m &amp#27;[2m---&amp#27;[0;39m &amp#27;[2m[kitchensink-spring-boot] [           main]&amp#27;[0;39m &amp#27;[2m&amp#27;[0;39m&amp#27;[36mo.s.b.a.h2.H2ConsoleAutoConfiguration   &amp#27;[0;39m &amp#27;[2m:&amp#27;[0;39m H2 console available at '/h2-console'. Database available at 'jdbc:h2:mem:ac1482f0-9c0b-4c03-8acc-74bd38aa3648'
&amp#27;[2m2025-08-25T13:31:12.524-07:00&amp#27;[0;39m &amp#27;[32m INFO&amp#27;[0;39m &amp#27;[35m63658&amp#27;[0;39m &amp#27;[2m---&amp#27;[0;39m &amp#27;[2m[kitchensink-spring-boot] [           main]&amp#27;[0;39m &amp#27;[2m&amp#27;[0;39m&amp#27;[36mo.hibernate.jpa.internal.util.LogHelper &amp#27;[0;39m &amp#27;[2m:&amp#27;[0;39m HHH000204: Processing PersistenceUnitInfo [name: default]
&amp#27;[2m2025-08-25T13:31:12.550-07:00&amp#27;[0;39m &amp#27;[32m INFO&amp#27;[0;39m &amp#27;[35m63658&amp#27;[0;39m &amp#27;[2m---&amp#27;[0;39m &amp#27;[2m[kitchensink-spring-boot] [           main]&amp#27;[0;39m &amp#27;[2m&amp#27;[0;39m&amp#27;[36morg.hibernate.Version                   &amp#27;[0;39m &amp#27;[2m:&amp#27;[0;39m HHH000412: Hibernate ORM core version 6.4.1.Final
&amp#27;[2m2025-08-25T13:31:12.563-07:00&amp#27;[0;39m &amp#27;[32m INFO&amp#27;[0;39m &amp#27;[35m63658&amp#27;[0;39m &amp#27;[2m---&amp#27;[0;39m &amp#27;[2m[kitchensink-spring-boot] [           main]&amp#27;[0;39m &amp#27;[2m&amp#27;[0;39m&amp#27;[36mo.h.c.internal.RegionFactoryInitiator   &amp#27;[0;39m &amp#27;[2m:&amp#27;[0;39m HHH000026: Second-level cache disabled
&amp#27;[2m2025-08-25T13:31:12.648-07:00&amp#27;[0;39m &amp#27;[32m INFO&amp#27;[0;39m &amp#27;[35m63658&amp#27;[0;39m &amp#27;[2m---&amp#27;[0;39m &amp#27;[2m[kitchensink-spring-boot] [           main]&amp#27;[0;39m &amp#27;[2m&amp#27;[0;39m&amp#27;[36mo.s.o.j.p.SpringPersistenceUnitInfo     &amp#27;[0;39m &amp#27;[2m:&amp#27;[0;39m No LoadTimeWeaver setup: ignoring JPA class transformer
&amp#27;[2m2025-08-25T13:31:12.668-07:00&amp#27;[0;39m &amp#27;[33m WARN&amp#27;[0;39m &amp#27;[35m63658&amp#27;[0;39m &amp#27;[2m---&amp#27;[0;39m &amp#27;[2m[kitchensink-spring-boot] [           main]&amp#27;[0;39m &amp#27;[2m&amp#27;[0;39m&amp#27;[36morg.hibernate.orm.deprecation           &amp#27;[0;39m &amp#27;[2m:&amp#27;[0;39m HHH90000025: H2Dialect does not need to be specified explicitly using 'hibernate.dialect' (remove the property setting and it will be selected by default)
&amp#27;[2m2025-08-25T13:31:12.965-07:00&amp#27;[0;39m &amp#27;[32m INFO&amp#27;[0;39m &amp#27;[35m63658&amp#27;[0;39m &amp#27;[2m---&amp#27;[0;39m &amp#27;[2m[kitchensink-spring-boot] [           main]&amp#27;[0;39m &amp#27;[2m&amp#27;[0;39m&amp#27;[36mo.h.e.t.j.p.i.JtaPlatformInitiator      &amp#27;[0;39m &amp#27;[2m:&amp#27;[0;39m HHH000489: No JTA platform available (set 'hibernate.transaction.jta.platform' to enable JTA platform integration)
&amp#27;[2m2025-08-25T13:31:12.969-07:00&amp#27;[0;39m &amp#27;[32mDEBUG&amp#27;[0;39m &amp#27;[35m63658&amp#27;[0;39m &amp#27;[2m---&amp#27;[0;39m &amp#27;[2m[kitchensink-spring-boot] [           main]&amp#27;[0;39m &amp#27;[2m&amp#27;[0;39m&amp#27;[36morg.hibernate.SQL                       &amp#27;[0;39m &amp#27;[2m:&amp#27;[0;39m 
    drop table if exists member cascade 
Hibernate: 
    drop table if exists member cascade 
&amp#27;[2m2025-08-25T13:31:12.972-07:00&amp#27;[0;39m &amp#27;[32mDEBUG&amp#27;[0;39m &amp#27;[35m63658&amp#27;[0;39m &amp#27;[2m---&amp#27;[0;39m &amp#27;[2m[kitchensink-spring-boot] [           main]&amp#27;[0;39m &amp#27;[2m&amp#27;[0;39m&amp#27;[36morg.hibernate.SQL                       &amp#27;[0;39m &amp#27;[2m:&amp#27;[0;39m 
    create table member (
        id bigint generated by default as identity,
        phone_number varchar(12) not null,
        name varchar(25) not null,
        email varchar(255) not null,
        primary key (id),
        unique (email)
    )
Hibernate: 
    create table member (
        id bigint generated by default as identity,
        phone_number varchar(12) not null,
        name varchar(25) not null,
        email varchar(255) not null,
        primary key (id),
        unique (email)
    )
&amp#27;[2m2025-08-25T13:31:12.977-07:00&amp#27;[0;39m &amp#27;[32m INFO&amp#27;[0;39m &amp#27;[35m63658&amp#27;[0;39m &amp#27;[2m---&amp#27;[0;39m &amp#27;[2m[kitchensink-spring-boot] [           main]&amp#27;[0;39m &amp#27;[2m&amp#27;[0;39m&amp#27;[36mj.LocalContainerEntityManagerFactoryBean&amp#27;[0;39m &amp#27;[2m:&amp#27;[0;39m Initialized JPA EntityManagerFactory for persistence unit 'default'
&amp#27;[2m2025-08-25T13:31:13.090-07:00&amp#27;[0;39m &amp#27;[32m INFO&amp#27;[0;39m &amp#27;[35m63658&amp#27;[0;39m &amp#27;[2m---&amp#27;[0;39m &amp#27;[2m[kitchensink-spring-boot] [           main]&amp#27;[0;39m &amp#27;[2m&amp#27;[0;39m&amp#27;[36mo.s.d.j.r.query.QueryEnhancerFactory    &amp#27;[0;39m &amp#27;[2m:&amp#27;[0;39m Hibernate is in classpath; If applicable, HQL parser will be used.
&amp#27;[2m2025-08-25T13:31:13.253-07:00&amp#27;[0;39m &amp#27;[33m WARN&amp#27;[0;39m &amp#27;[35m63658&amp#27;[0;39m &amp#27;[2m---&amp#27;[0;39m &amp#27;[2m[kitchensink-spring-boot] [           main]&amp#27;[0;39m &amp#27;[2m&amp#27;[0;39m&amp#27;[36mJpaBaseConfiguration$JpaWebConfiguration&amp#27;[0;39m &amp#27;[2m:&amp#27;[0;39m spring.jpa.open-in-view is enabled by default. Therefore, database queries may be performed during view rendering. Explicitly configure spring.jpa.open-in-view to disable this warning
&amp#27;[2m2025-08-25T13:31:13.403-07:00&amp#27;[0;39m &amp#27;[32m INFO&amp#27;[0;39m &amp#27;[35m63658&amp#27;[0;39m &amp#27;[2m---&amp#27;[0;39m &amp#27;[2m[kitchensink-spring-boot] [           main]&amp#27;[0;39m &amp#27;[2m&amp#27;[0;39m&amp#27;[36mo.s.b.w.embedded.tomcat.TomcatWebServer &amp#27;[0;39m &amp#27;[2m:&amp#27;[0;39m Tomcat started on port 64249 (http) with context path ''
&amp#27;[2m2025-08-25T13:31:13.407-07:00&amp#27;[0;39m &amp#27;[32m INFO&amp#27;[0;39m &amp#27;[35m63658&amp#27;[0;39m &amp#27;[2m---&amp#27;[0;39m &amp#27;[2m[kitchensink-spring-boot] [           main]&amp#27;[0;39m &amp#27;[2m&amp#27;[0;39m&amp#27;[36mo.j.a.q.k.KitchensinkApplicationTests   &amp#27;[0;39m &amp#27;[2m:&amp#27;[0;39m Started KitchensinkApplicationTests in 1.629 seconds (process running for 2.055)
&amp#27;[2m2025-08-25T13:31:13.408-07:00&amp#27;[0;39m &amp#27;[32m INFO&amp#27;[0;39m &amp#27;[35m63658&amp#27;[0;39m &amp#27;[2m---&amp#27;[0;39m &amp#27;[2m[kitchensink-spring-boot] [           main]&amp#27;[0;39m &amp#27;[2m&amp#27;[0;39m&amp#27;[36mo.j.a.q.k.KitchensinkApplication        &amp#27;[0;39m &amp#27;[2m:&amp#27;[0;39m Kitchensink Spring Boot Application Started
&amp#27;[2m2025-08-25T13:31:13.408-07:00&amp#27;[0;39m &amp#27;[32m INFO&amp#27;[0;39m &amp#27;[35m63658&amp#27;[0;39m &amp#27;[2m---&amp#27;[0;39m &amp#27;[2m[kitchensink-spring-boot] [           main]&amp#27;[0;39m &amp#27;[2m&amp#27;[0;39m&amp#27;[36mo.j.a.q.k.KitchensinkApplication        &amp#27;[0;39m &amp#27;[2m:&amp#27;[0;39m Access the REST API at: http://localhost:8080/api/members
&amp#27;[2m2025-08-25T13:31:13.408-07:00&amp#27;[0;39m &amp#27;[32m INFO&amp#27;[0;39m &amp#27;[35m63658&amp#27;[0;39m &amp#27;[2m---&amp#27;[0;39m &amp#27;[2m[kitchensink-spring-boot] [           main]&amp#27;[0;39m &amp#27;[2m&amp#27;[0;39m&amp#27;[36mo.j.a.q.k.KitchensinkApplication        &amp#27;[0;39m &amp#27;[2m:&amp#27;[0;39m Access the H2 Console at: http://localhost:8080/h2-console (if enabled)
]]></system-out>
    <system-err><![CDATA[WARNING: A Java agent has been loaded dynamically (/Users/shivamtrivedi/.m2/repository/net/bytebuddy/byte-buddy-agent/1.14.10/byte-buddy-agent-1.14.10.jar)
WARNING: If a serviceability tool is in use, please run with -XX:+EnableDynamicAgentLoading to hide this warning
WARNING: If a serviceability tool is not in use, please run with -Djdk.instrument.traceUsage for more information
WARNING: Dynamic loading of agents will be disallowed by default in a future release
]]></system-err>
  </testcase>
  <testcase name="testRepositoryFindAllOrderedByName" classname="org.jboss.as.quickstarts.kitchensink.KitchensinkApplicationTests" time="0.056">
    <system-out><![CDATA[&amp#27;[2m2025-08-25T13:31:13.712-07:00&amp#27;[0;39m &amp#27;[32mDEBUG&amp#27;[0;39m &amp#27;[35m63658&amp#27;[0;39m &amp#27;[2m---&amp#27;[0;39m &amp#27;[2m[kitchensink-spring-boot] [           main]&amp#27;[0;39m &amp#27;[2m&amp#27;[0;39m&amp#27;[36morg.hibernate.SQL                       &amp#27;[0;39m &amp#27;[2m:&amp#27;[0;39m 
    select
        m1_0.id,
        m1_0.email,
        m1_0.name,
        m1_0.phone_number 
    from
        member m1_0 
    order by
        m1_0.name
Hibernate: 
    select
        m1_0.id,
        m1_0.email,
        m1_0.name,
        m1_0.phone_number 
    from
        member m1_0 
    order by
        m1_0.name
]]></system-out>
  </testcase>
  <testcase name="testRepositoryFindByEmail" classname="org.jboss.as.quickstarts.kitchensink.KitchensinkApplicationTests" time="0.01">
    <system-out><![CDATA[&amp#27;[2m2025-08-25T13:31:13.738-07:00&amp#27;[0;39m &amp#27;[32mDEBUG&amp#27;[0;39m &amp#27;[35m63658&amp#27;[0;39m &amp#27;[2m---&amp#27;[0;39m &amp#27;[2m[kitchensink-spring-boot] [           main]&amp#27;[0;39m &amp#27;[2m&amp#27;[0;39m&amp#27;[36morg.hibernate.SQL                       &amp#27;[0;39m &amp#27;[2m:&amp#27;[0;39m 
    select
        m1_0.id,
        m1_0.email,
        m1_0.name,
        m1_0.phone_number 
    from
        member m1_0 
    where
        m1_0.email=?
Hibernate: 
    select
        m1_0.id,
        m1_0.email,
        m1_0.name,
        m1_0.phone_number 
    from
        member m1_0 
    where
        m1_0.email=?
]]></system-out>
  </testcase>
  <testcase name="testRepositoryFindByNonExistentEmail" classname="org.jboss.as.quickstarts.kitchensink.KitchensinkApplicationTests" time="0.003">
    <system-out><![CDATA[&amp#27;[2m2025-08-25T13:31:13.742-07:00&amp#27;[0;39m &amp#27;[32mDEBUG&amp#27;[0;39m &amp#27;[35m63658&amp#27;[0;39m &amp#27;[2m---&amp#27;[0;39m &amp#27;[2m[kitchensink-spring-boot] [           main]&amp#27;[0;39m &amp#27;[2m&amp#27;[0;39m&amp#27;[36morg.hibernate.SQL                       &amp#27;[0;39m &amp#27;[2m:&amp#27;[0;39m 
    select
        m1_0.id,
        m1_0.email,
        m1_0.name,
        m1_0.phone_number 
    from
        member m1_0 
    where
        m1_0.email=?
Hibernate: 
    select
        m1_0.id,
        m1_0.email,
        m1_0.name,
        m1_0.phone_number 
    from
        member m1_0 
    where
        m1_0.email=?
]]></system-out>
  </testcase>
  <testcase name="testServiceRegisterMember" classname="org.jboss.as.quickstarts.kitchensink.KitchensinkApplicationTests" time="0.058">
    <error message="could not execute statement [Unique index or primary key violation: &quot;PRIMARY KEY ON PUBLIC.MEMBER(ID) ( /* key:1 */ CAST(1 AS BIGINT), &apos;2125551212&apos;, &apos;John Smith&apos;, &apos;john.smith@mailinator.com&apos;)&quot;; SQL statement:&#10;insert into member (email,name,phone_number,id) values (?,?,?,default) [23505-224]] [insert into member (email,name,phone_number,id) values (?,?,?,default)]; SQL [insert into member (email,name,phone_number,id) values (?,?,?,default)]; constraint [&quot;PRIMARY KEY ON PUBLIC.MEMBER(ID) ( /* key:1 */ CAST(1 AS BIGINT), &apos;2125551212&apos;, &apos;John Smith&apos;, &apos;john.smith@mailinator.com&apos;)&quot;; SQL statement:&#10;insert into member (email,name,phone_number,id) values (?,?,?,default) [23505-224]]" type="org.springframework.dao.DataIntegrityViolationException"><![CDATA[org.springframework.dao.DataIntegrityViolationException: 
could not execute statement [Unique index or primary key violation: "PRIMARY KEY ON PUBLIC.MEMBER(ID) ( /* key:1 */ CAST(1 AS BIGINT), '2125551212', 'John Smith', 'john.smith@mailinator.com')"; SQL statement:
insert into member (email,name,phone_number,id) values (?,?,?,default) [23505-224]] [insert into member (email,name,phone_number,id) values (?,?,?,default)]; SQL [insert into member (email,name,phone_number,id) values (?,?,?,default)]; constraint ["PRIMARY KEY ON PUBLIC.MEMBER(ID) ( /* key:1 */ CAST(1 AS BIGINT), '2125551212', 'John Smith', 'john.smith@mailinator.com')"; SQL statement:
insert into member (email,name,phone_number,id) values (?,?,?,default) [23505-224]]
	at org.springframework.orm.jpa.vendor.HibernateJpaDialect.convertHibernateAccessException(HibernateJpaDialect.java:290)
	at org.springframework.orm.jpa.vendor.HibernateJpaDialect.translateExceptionIfPossible(HibernateJpaDialect.java:241)
	at org.springframework.orm.jpa.AbstractEntityManagerFactoryBean.translateExceptionIfPossible(AbstractEntityManagerFactoryBean.java:550)
	at org.springframework.dao.support.ChainedPersistenceExceptionTranslator.translateExceptionIfPossible(ChainedPersistenceExceptionTranslator.java:61)
	at org.springframework.dao.support.DataAccessUtils.translateIfNecessary(DataAccessUtils.java:335)
	at org.springframework.dao.support.PersistenceExceptionTranslationInterceptor.invoke(PersistenceExceptionTranslationInterceptor.java:152)
	at org.springframework.aop.framework.ReflectiveMethodInvocation.proceed(ReflectiveMethodInvocation.java:184)
	at org.springframework.data.jpa.repository.support.CrudMethodMetadataPostProcessor$CrudMethodMetadataPopulatingMethodInterceptor.invoke(CrudMethodMetadataPostProcessor.java:164)
	at org.springframework.aop.framework.ReflectiveMethodInvocation.proceed(ReflectiveMethodInvocation.java:184)
	at org.springframework.aop.interceptor.ExposeInvocationInterceptor.invoke(ExposeInvocationInterceptor.java:97)
	at org.springframework.aop.framework.ReflectiveMethodInvocation.proceed(ReflectiveMethodInvocation.java:184)
	at org.springframework.aop.framework.JdkDynamicAopProxy.invoke(JdkDynamicAopProxy.java:249)
	at jdk.proxy2/jdk.proxy2.$Proxy133.save(Unknown Source)
	at org.jboss.as.quickstarts.kitchensink.service.MemberService.register(MemberService.java:52)
	at java.base/jdk.internal.reflect.DirectMethodHandleAccessor.invoke(DirectMethodHandleAccessor.java:104)
	at java.base/java.lang.reflect.Method.invoke(Method.java:565)
	at org.springframework.aop.support.AopUtils.invokeJoinpointUsingReflection(AopUtils.java:352)
	at org.springframework.aop.framework.ReflectiveMethodInvocation.invokeJoinpoint(ReflectiveMethodInvocation.java:196)
	at org.springframework.aop.framework.ReflectiveMethodInvocation.proceed(ReflectiveMethodInvocation.java:163)
	at org.springframework.aop.framework.CglibAopProxy$CglibMethodInvocation.proceed(CglibAopProxy.java:765)
	at org.springframework.transaction.interceptor.TransactionInterceptor$1.proceedWithInvocation(TransactionInterceptor.java:123)
	at org.springframework.transaction.interceptor.TransactionAspectSupport.invokeWithinTransaction(TransactionAspectSupport.java:385)
	at org.springframework.transaction.interceptor.TransactionInterceptor.invoke(TransactionInterceptor.java:119)
	at org.springframework.aop.framework.ReflectiveMethodInvocation.proceed(ReflectiveMethodInvocation.java:184)
	at org.springframework.aop.framework.CglibAopProxy$CglibMethodInvocation.proceed(CglibAopProxy.java:765)
	at org.springframework.aop.framework.CglibAopProxy$DynamicAdvisedInterceptor.intercept(CglibAopProxy.java:717)
	at org.jboss.as.quickstarts.kitchensink.service.MemberService$$SpringCGLIB$$0.register(<generated>)
	at org.jboss.as.quickstarts.kitchensink.KitchensinkApplicationTests.testServiceRegisterMember(KitchensinkApplicationTests.java:120)
	at java.base/java.lang.reflect.Method.invoke(Method.java:565)
	at java.base/java.util.ArrayList.forEach(ArrayList.java:1604)
	at java.base/java.util.ArrayList.forEach(ArrayList.java:1604)
Caused by: org.hibernate.exception.ConstraintViolationException: could not execute statement [Unique index or primary key violation: "PRIMARY KEY ON PUBLIC.MEMBER(ID) ( /* key:1 */ CAST(1 AS BIGINT), '2125551212', 'John Smith', 'john.smith@mailinator.com')"; SQL statement:
insert into member (email,name,phone_number,id) values (?,?,?,default) [23505-224]] [insert into member (email,name,phone_number,id) values (?,?,?,default)]
	at org.hibernate.exception.internal.SQLExceptionTypeDelegate.convert(SQLExceptionTypeDelegate.java:62)
	at org.hibernate.exception.internal.StandardSQLExceptionConverter.convert(StandardSQLExceptionConverter.java:58)
	at org.hibernate.engine.jdbc.spi.SqlExceptionHelper.convert(SqlExceptionHelper.java:108)
	at org.hibernate.engine.jdbc.internal.ResultSetReturnImpl.executeUpdate(ResultSetReturnImpl.java:197)
	at org.hibernate.id.insert.GetGeneratedKeysDelegate.performInsert(GetGeneratedKeysDelegate.java:107)
	at org.hibernate.engine.jdbc.mutation.internal.MutationExecutorPostInsertSingleTable.execute(MutationExecutorPostInsertSingleTable.java:100)
	at org.hibernate.persister.entity.mutation.InsertCoordinator.doStaticInserts(InsertCoordinator.java:175)
	at org.hibernate.persister.entity.mutation.InsertCoordinator.coordinateInsert(InsertCoordinator.java:113)
	at org.hibernate.persister.entity.AbstractEntityPersister.insert(AbstractEntityPersister.java:2868)
	at org.hibernate.action.internal.EntityIdentityInsertAction.execute(EntityIdentityInsertAction.java:81)
	at org.hibernate.engine.spi.ActionQueue.execute(ActionQueue.java:670)
	at org.hibernate.engine.spi.ActionQueue.addResolvedEntityInsertAction(ActionQueue.java:291)
	at org.hibernate.engine.spi.ActionQueue.addInsertAction(ActionQueue.java:272)
	at org.hibernate.engine.spi.ActionQueue.addAction(ActionQueue.java:322)
	at org.hibernate.event.internal.AbstractSaveEventListener.addInsertAction(AbstractSaveEventListener.java:386)
	at org.hibernate.event.internal.AbstractSaveEventListener.performSaveOrReplicate(AbstractSaveEventListener.java:300)
	at org.hibernate.event.internal.AbstractSaveEventListener.performSave(AbstractSaveEventListener.java:219)
	at org.hibernate.event.internal.AbstractSaveEventListener.saveWithGeneratedId(AbstractSaveEventListener.java:134)
	at org.hibernate.event.internal.DefaultPersistEventListener.entityIsTransient(DefaultPersistEventListener.java:175)
	at org.hibernate.event.internal.DefaultPersistEventListener.persist(DefaultPersistEventListener.java:93)
	at org.hibernate.event.internal.DefaultPersistEventListener.onPersist(DefaultPersistEventListener.java:77)
	at org.hibernate.event.internal.DefaultPersistEventListener.onPersist(DefaultPersistEventListener.java:54)
	at org.hibernate.event.service.internal.EventListenerGroupImpl.fireEventOnEachListener(EventListenerGroupImpl.java:127)
	at org.hibernate.internal.SessionImpl.firePersist(SessionImpl.java:774)
	at org.hibernate.internal.SessionImpl.persist(SessionImpl.java:758)
	at java.base/jdk.internal.reflect.DirectMethodHandleAccessor.invoke(DirectMethodHandleAccessor.java:104)
	at java.base/java.lang.reflect.Method.invoke(Method.java:565)
	at org.springframework.orm.jpa.SharedEntityManagerCreator$SharedEntityManagerInvocationHandler.invoke(SharedEntityManagerCreator.java:319)
	at jdk.proxy2/jdk.proxy2.$Proxy130.persist(Unknown Source)
	at org.springframework.data.jpa.repository.support.SimpleJpaRepository.save(SimpleJpaRepository.java:618)
	at java.base/jdk.internal.reflect.DirectMethodHandleAccessor.invoke(DirectMethodHandleAccessor.java:104)
	at java.base/java.lang.reflect.Method.invoke(Method.java:565)
	at org.springframework.aop.support.AopUtils.invokeJoinpointUsingReflection(AopUtils.java:352)
	at org.springframework.data.repository.core.support.RepositoryMethodInvoker$RepositoryFragmentMethodInvoker.lambda$new$0(RepositoryMethodInvoker.java:277)
	at org.springframework.data.repository.core.support.RepositoryMethodInvoker.doInvoke(RepositoryMethodInvoker.java:170)
	at org.springframework.data.repository.core.support.RepositoryMethodInvoker.invoke(RepositoryMethodInvoker.java:158)
	at org.springframework.data.repository.core.support.RepositoryComposition$RepositoryFragments.invoke(RepositoryComposition.java:516)
	at org.springframework.data.repository.core.support.RepositoryComposition.invoke(RepositoryComposition.java:285)
	at org.springframework.data.repository.core.support.RepositoryFactorySupport$ImplementationMethodExecutionInterceptor.invoke(RepositoryFactorySupport.java:628)
	at org.springframework.aop.framework.ReflectiveMethodInvocation.proceed(ReflectiveMethodInvocation.java:184)
	at org.springframework.data.repository.core.support.QueryExecutorMethodInterceptor.doInvoke(QueryExecutorMethodInterceptor.java:168)
	at org.springframework.data.repository.core.support.QueryExecutorMethodInterceptor.invoke(QueryExecutorMethodInterceptor.java:143)
	at org.springframework.aop.framework.ReflectiveMethodInvocation.proceed(ReflectiveMethodInvocation.java:184)
	at org.springframework.data.projection.DefaultMethodInvokingMethodInterceptor.invoke(DefaultMethodInvokingMethodInterceptor.java:70)
	at org.springframework.aop.framework.ReflectiveMethodInvocation.proceed(ReflectiveMethodInvocation.java:184)
	at org.springframework.transaction.interceptor.TransactionInterceptor$1.proceedWithInvocation(TransactionInterceptor.java:123)
	at org.springframework.transaction.interceptor.TransactionAspectSupport.invokeWithinTransaction(TransactionAspectSupport.java:385)
	at org.springframework.transaction.interceptor.TransactionInterceptor.invoke(TransactionInterceptor.java:119)
	at org.springframework.aop.framework.ReflectiveMethodInvocation.proceed(ReflectiveMethodInvocation.java:184)
	at org.springframework.dao.support.PersistenceExceptionTranslationInterceptor.invoke(PersistenceExceptionTranslationInterceptor.java:137)
	... 25 more
Caused by: org.h2.jdbc.JdbcSQLIntegrityConstraintViolationException: Unique index or primary key violation: "PRIMARY KEY ON PUBLIC.MEMBER(ID) ( /* key:1 */ CAST(1 AS BIGINT), '2125551212', 'John Smith', 'john.smith@mailinator.com')"; SQL statement:
insert into member (email,name,phone_number,id) values (?,?,?,default) [23505-224]
	at org.h2.message.DbException.getJdbcSQLException(DbException.java:520)
	at org.h2.message.DbException.getJdbcSQLException(DbException.java:489)
	at org.h2.message.DbException.get(DbException.java:223)
	at org.h2.message.DbException.get(DbException.java:199)
	at org.h2.mvstore.db.MVPrimaryIndex.add(MVPrimaryIndex.java:120)
	at org.h2.mvstore.db.MVTable.addRow(MVTable.java:519)
	at org.h2.command.dml.Insert.insertRows(Insert.java:174)
	at org.h2.command.dml.Insert.update(Insert.java:135)
	at org.h2.command.CommandContainer.executeUpdateWithGeneratedKeys(CommandContainer.java:242)
	at org.h2.command.CommandContainer.update(CommandContainer.java:163)
	at org.h2.command.Command.executeUpdate(Command.java:256)
	at org.h2.jdbc.JdbcPreparedStatement.executeUpdateInternal(JdbcPreparedStatement.java:216)
	at org.h2.jdbc.JdbcPreparedStatement.executeUpdate(JdbcPreparedStatement.java:174)
	at org.hibernate.engine.jdbc.internal.ResultSetReturnImpl.executeUpdate(ResultSetReturnImpl.java:194)
	... 71 more
]]></error>
    <system-out><![CDATA[&amp#27;[2m2025-08-25T13:31:13.748-07:00&amp#27;[0;39m &amp#27;[32m INFO&amp#27;[0;39m &amp#27;[35m63658&amp#27;[0;39m &amp#27;[2m---&amp#27;[0;39m &amp#27;[2m[kitchensink-spring-boot] [           main]&amp#27;[0;39m &amp#27;[2m&amp#27;[0;39m&amp#27;[36mo.j.a.q.k.service.MemberService         &amp#27;[0;39m &amp#27;[2m:&amp#27;[0;39m Registering Test User
&amp#27;[2m2025-08-25T13:31:13.748-07:00&amp#27;[0;39m &amp#27;[32mDEBUG&amp#27;[0;39m &amp#27;[35m63658&amp#27;[0;39m &amp#27;[2m---&amp#27;[0;39m &amp#27;[2m[kitchensink-spring-boot] [           main]&amp#27;[0;39m &amp#27;[2m&amp#27;[0;39m&amp#27;[36morg.hibernate.SQL                       &amp#27;[0;39m &amp#27;[2m:&amp#27;[0;39m 
    select
        m1_0.id,
        m1_0.email,
        m1_0.name,
        m1_0.phone_number 
    from
        member m1_0 
    where
        m1_0.email=?
Hibernate: 
    select
        m1_0.id,
        m1_0.email,
        m1_0.name,
        m1_0.phone_number 
    from
        member m1_0 
    where
        m1_0.email=?
&amp#27;[2m2025-08-25T13:31:13.769-07:00&amp#27;[0;39m &amp#27;[32mDEBUG&amp#27;[0;39m &amp#27;[35m63658&amp#27;[0;39m &amp#27;[2m---&amp#27;[0;39m &amp#27;[2m[kitchensink-spring-boot] [           main]&amp#27;[0;39m &amp#27;[2m&amp#27;[0;39m&amp#27;[36morg.hibernate.SQL                       &amp#27;[0;39m &amp#27;[2m:&amp#27;[0;39m 
    insert 
    into
        member
        (email, name, phone_number, id) 
    values
        (?, ?, ?, default)
Hibernate: 
    insert 
    into
        member
        (email, name, phone_number, id) 
    values
        (?, ?, ?, default)
&amp#27;[2m2025-08-25T13:31:13.773-07:00&amp#27;[0;39m &amp#27;[33m WARN&amp#27;[0;39m &amp#27;[35m63658&amp#27;[0;39m &amp#27;[2m---&amp#27;[0;39m &amp#27;[2m[kitchensink-spring-boot] [           main]&amp#27;[0;39m &amp#27;[2m&amp#27;[0;39m&amp#27;[36mo.h.engine.jdbc.spi.SqlExceptionHelper  &amp#27;[0;39m &amp#27;[2m:&amp#27;[0;39m SQL Error: 23505, SQLState: 23505
&amp#27;[2m2025-08-25T13:31:13.773-07:00&amp#27;[0;39m &amp#27;[31mERROR&amp#27;[0;39m &amp#27;[35m63658&amp#27;[0;39m &amp#27;[2m---&amp#27;[0;39m &amp#27;[2m[kitchensink-spring-boot] [           main]&amp#27;[0;39m &amp#27;[2m&amp#27;[0;39m&amp#27;[36mo.h.engine.jdbc.spi.SqlExceptionHelper  &amp#27;[0;39m &amp#27;[2m:&amp#27;[0;39m Unique index or primary key violation: "PRIMARY KEY ON PUBLIC.MEMBER(ID) ( /* key:1 */ CAST(1 AS BIGINT), '2125551212', 'John Smith', 'john.smith@mailinator.com')"; SQL statement:
insert into member (email,name,phone_number,id) values (?,?,?,default) [23505-224]
&amp#27;[2m2025-08-25T13:31:13.776-07:00&amp#27;[0;39m &amp#27;[31mERROR&amp#27;[0;39m &amp#27;[35m63658&amp#27;[0;39m &amp#27;[2m---&amp#27;[0;39m &amp#27;[2m[kitchensink-spring-boot] [           main]&amp#27;[0;39m &amp#27;[2m&amp#27;[0;39m&amp#27;[36mo.j.a.q.k.service.MemberService         &amp#27;[0;39m &amp#27;[2m:&amp#27;[0;39m Error registering member: could not execute statement [Unique index or primary key violation: "PRIMARY KEY ON PUBLIC.MEMBER(ID) ( /* key:1 */ CAST(1 AS BIGINT), '2125551212', 'John Smith', 'john.smith@mailinator.com')"; SQL statement:
insert into member (email,name,phone_number,id) values (?,?,?,default) [23505-224]] [insert into member (email,name,phone_number,id) values (?,?,?,default)]; SQL [insert into member (email,name,phone_number,id) values (?,?,?,default)]; constraint ["PRIMARY KEY ON PUBLIC.MEMBER(ID) ( /* key:1 */ CAST(1 AS BIGINT), '2125551212', 'John Smith', 'john.smith@mailinator.com')"; SQL statement:
insert into member (email,name,phone_number,id) values (?,?,?,default) [23505-224]]

org.springframework.dao.DataIntegrityViolationException: could not execute statement [Unique index or primary key violation: "PRIMARY KEY ON PUBLIC.MEMBER(ID) ( /* key:1 */ CAST(1 AS BIGINT), '2125551212', 'John Smith', 'john.smith@mailinator.com')"; SQL statement:
insert into member (email,name,phone_number,id) values (?,?,?,default) [23505-224]] [insert into member (email,name,phone_number,id) values (?,?,?,default)]; SQL [insert into member (email,name,phone_number,id) values (?,?,?,default)]; constraint ["PRIMARY KEY ON PUBLIC.MEMBER(ID) ( /* key:1 */ CAST(1 AS BIGINT), '2125551212', 'John Smith', 'john.smith@mailinator.com')"; SQL statement:
insert into member (email,name,phone_number,id) values (?,?,?,default) [23505-224]]
	at org.springframework.orm.jpa.vendor.HibernateJpaDialect.convertHibernateAccessException(HibernateJpaDialect.java:290) ~[spring-orm-6.1.2.jar:6.1.2]
	at org.springframework.orm.jpa.vendor.HibernateJpaDialect.translateExceptionIfPossible(HibernateJpaDialect.java:241) ~[spring-orm-6.1.2.jar:6.1.2]
	at org.springframework.orm.jpa.AbstractEntityManagerFactoryBean.translateExceptionIfPossible(AbstractEntityManagerFactoryBean.java:550) ~[spring-orm-6.1.2.jar:6.1.2]
	at org.springframework.dao.support.ChainedPersistenceExceptionTranslator.translateExceptionIfPossible(ChainedPersistenceExceptionTranslator.java:61) ~[spring-tx-6.1.2.jar:6.1.2]
	at org.springframework.dao.support.DataAccessUtils.translateIfNecessary(DataAccessUtils.java:335) ~[spring-tx-6.1.2.jar:6.1.2]
	at org.springframework.dao.support.PersistenceExceptionTranslationInterceptor.invoke(PersistenceExceptionTranslationInterceptor.java:152) ~[spring-tx-6.1.2.jar:6.1.2]
	at org.springframework.aop.framework.ReflectiveMethodInvocation.proceed(ReflectiveMethodInvocation.java:184) ~[spring-aop-6.1.2.jar:6.1.2]
	at org.springframework.data.jpa.repository.support.CrudMethodMetadataPostProcessor$CrudMethodMetadataPopulatingMethodInterceptor.invoke(CrudMethodMetadataPostProcessor.java:164) ~[spring-data-jpa-3.2.1.jar:3.2.1]
	at org.springframework.aop.framework.ReflectiveMethodInvocation.proceed(ReflectiveMethodInvocation.java:184) ~[spring-aop-6.1.2.jar:6.1.2]
	at org.springframework.aop.interceptor.ExposeInvocationInterceptor.invoke(ExposeInvocationInterceptor.java:97) ~[spring-aop-6.1.2.jar:6.1.2]
	at org.springframework.aop.framework.ReflectiveMethodInvocation.proceed(ReflectiveMethodInvocation.java:184) ~[spring-aop-6.1.2.jar:6.1.2]
	at org.springframework.aop.framework.JdkDynamicAopProxy.invoke(JdkDynamicAopProxy.java:249) ~[spring-aop-6.1.2.jar:6.1.2]
	at jdk.proxy2/jdk.proxy2.$Proxy133.save(Unknown Source) ~[na:na]
	at org.jboss.as.quickstarts.kitchensink.service.MemberService.register(MemberService.java:52) ~[classes/:na]
	at java.base/jdk.internal.reflect.DirectMethodHandleAccessor.invoke(DirectMethodHandleAccessor.java:104) ~[na:na]
	at java.base/java.lang.reflect.Method.invoke(Method.java:565) ~[na:na]
	at org.springframework.aop.support.AopUtils.invokeJoinpointUsingReflection(AopUtils.java:352) ~[spring-aop-6.1.2.jar:6.1.2]
	at org.springframework.aop.framework.ReflectiveMethodInvocation.invokeJoinpoint(ReflectiveMethodInvocation.java:196) ~[spring-aop-6.1.2.jar:6.1.2]
	at org.springframework.aop.framework.ReflectiveMethodInvocation.proceed(ReflectiveMethodInvocation.java:163) ~[spring-aop-6.1.2.jar:6.1.2]
	at org.springframework.aop.framework.CglibAopProxy$CglibMethodInvocation.proceed(CglibAopProxy.java:765) ~[spring-aop-6.1.2.jar:6.1.2]
	at org.springframework.transaction.interceptor.TransactionInterceptor$1.proceedWithInvocation(TransactionInterceptor.java:123) ~[spring-tx-6.1.2.jar:6.1.2]
	at org.springframework.transaction.interceptor.TransactionAspectSupport.invokeWithinTransaction(TransactionAspectSupport.java:385) ~[spring-tx-6.1.2.jar:6.1.2]
	at org.springframework.transaction.interceptor.TransactionInterceptor.invoke(TransactionInterceptor.java:119) ~[spring-tx-6.1.2.jar:6.1.2]
	at org.springframework.aop.framework.ReflectiveMethodInvocation.proceed(ReflectiveMethodInvocation.java:184) ~[spring-aop-6.1.2.jar:6.1.2]
	at org.springframework.aop.framework.CglibAopProxy$CglibMethodInvocation.proceed(CglibAopProxy.java:765) ~[spring-aop-6.1.2.jar:6.1.2]
	at org.springframework.aop.framework.CglibAopProxy$DynamicAdvisedInterceptor.intercept(CglibAopProxy.java:717) ~[spring-aop-6.1.2.jar:6.1.2]
	at org.jboss.as.quickstarts.kitchensink.service.MemberService$$SpringCGLIB$$0.register(<generated>) ~[classes/:na]
	at org.jboss.as.quickstarts.kitchensink.KitchensinkApplicationTests.testServiceRegisterMember(KitchensinkApplicationTests.java:120) ~[test-classes/:na]
	at java.base/jdk.internal.reflect.DirectMethodHandleAccessor.invoke(DirectMethodHandleAccessor.java:104) ~[na:na]
	at java.base/java.lang.reflect.Method.invoke(Method.java:565) ~[na:na]
	at org.junit.platform.commons.util.ReflectionUtils.invokeMethod(ReflectionUtils.java:728) ~[junit-platform-commons-1.10.1.jar:1.10.1]
	at org.junit.jupiter.engine.execution.MethodInvocation.proceed(MethodInvocation.java:60) ~[junit-jupiter-engine-5.10.1.jar:5.10.1]
	at org.junit.jupiter.engine.execution.InvocationInterceptorChain$ValidatingInvocation.proceed(InvocationInterceptorChain.java:131) ~[junit-jupiter-engine-5.10.1.jar:5.10.1]
	at org.junit.jupiter.engine.extension.TimeoutExtension.intercept(TimeoutExtension.java:156) ~[junit-jupiter-engine-5.10.1.jar:5.10.1]
	at org.junit.jupiter.engine.extension.TimeoutExtension.interceptTestableMethod(TimeoutExtension.java:147) ~[junit-jupiter-engine-5.10.1.jar:5.10.1]
	at org.junit.jupiter.engine.extension.TimeoutExtension.interceptTestMethod(TimeoutExtension.java:86) ~[junit-jupiter-engine-5.10.1.jar:5.10.1]
	at org.junit.jupiter.engine.execution.InterceptingExecutableInvoker$ReflectiveInterceptorCall.lambda$ofVoidMethod$0(InterceptingExecutableInvoker.java:103) ~[junit-jupiter-engine-5.10.1.jar:5.10.1]
	at org.junit.jupiter.engine.execution.InterceptingExecutableInvoker.lambda$invoke$0(InterceptingExecutableInvoker.java:93) ~[junit-jupiter-engine-5.10.1.jar:5.10.1]
	at org.junit.jupiter.engine.execution.InvocationInterceptorChain$InterceptedInvocation.proceed(InvocationInterceptorChain.java:106) ~[junit-jupiter-engine-5.10.1.jar:5.10.1]
	at org.junit.jupiter.engine.execution.InvocationInterceptorChain.proceed(InvocationInterceptorChain.java:64) ~[junit-jupiter-engine-5.10.1.jar:5.10.1]
	at org.junit.jupiter.engine.execution.InvocationInterceptorChain.chainAndInvoke(InvocationInterceptorChain.java:45) ~[junit-jupiter-engine-5.10.1.jar:5.10.1]
	at org.junit.jupiter.engine.execution.InvocationInterceptorChain.invoke(InvocationInterceptorChain.java:37) ~[junit-jupiter-engine-5.10.1.jar:5.10.1]
	at org.junit.jupiter.engine.execution.InterceptingExecutableInvoker.invoke(InterceptingExecutableInvoker.java:92) ~[junit-jupiter-engine-5.10.1.jar:5.10.1]
	at org.junit.jupiter.engine.execution.InterceptingExecutableInvoker.invoke(InterceptingExecutableInvoker.java:86) ~[junit-jupiter-engine-5.10.1.jar:5.10.1]
	at org.junit.jupiter.engine.descriptor.TestMethodTestDescriptor.lambda$invokeTestMethod$7(TestMethodTestDescriptor.java:218) ~[junit-jupiter-engine-5.10.1.jar:5.10.1]
	at org.junit.platform.engine.support.hierarchical.ThrowableCollector.execute(ThrowableCollector.java:73) ~[junit-platform-engine-1.10.1.jar:1.10.1]
	at org.junit.jupiter.engine.descriptor.TestMethodTestDescriptor.invokeTestMethod(TestMethodTestDescriptor.java:214) ~[junit-jupiter-engine-5.10.1.jar:5.10.1]
	at org.junit.jupiter.engine.descriptor.TestMethodTestDescriptor.execute(TestMethodTestDescriptor.java:139) ~[junit-jupiter-engine-5.10.1.jar:5.10.1]
	at org.junit.jupiter.engine.descriptor.TestMethodTestDescriptor.execute(TestMethodTestDescriptor.java:69) ~[junit-jupiter-engine-5.10.1.jar:5.10.1]
	at org.junit.platform.engine.support.hierarchical.NodeTestTask.lambda$executeRecursively$6(NodeTestTask.java:151) ~[junit-platform-engine-1.10.1.jar:1.10.1]
	at org.junit.platform.engine.support.hierarchical.ThrowableCollector.execute(ThrowableCollector.java:73) ~[junit-platform-engine-1.10.1.jar:1.10.1]
	at org.junit.platform.engine.support.hierarchical.NodeTestTask.lambda$executeRecursively$8(NodeTestTask.java:141) ~[junit-platform-engine-1.10.1.jar:1.10.1]
	at org.junit.platform.engine.support.hierarchical.Node.around(Node.java:137) ~[junit-platform-engine-1.10.1.jar:1.10.1]
	at org.junit.platform.engine.support.hierarchical.NodeTestTask.lambda$executeRecursively$9(NodeTestTask.java:139) ~[junit-platform-engine-1.10.1.jar:1.10.1]
	at org.junit.platform.engine.support.hierarchical.ThrowableCollector.execute(ThrowableCollector.java:73) ~[junit-platform-engine-1.10.1.jar:1.10.1]
	at org.junit.platform.engine.support.hierarchical.NodeTestTask.executeRecursively(NodeTestTask.java:138) ~[junit-platform-engine-1.10.1.jar:1.10.1]
	at org.junit.platform.engine.support.hierarchical.NodeTestTask.execute(NodeTestTask.java:95) ~[junit-platform-engine-1.10.1.jar:1.10.1]
	at java.base/java.util.ArrayList.forEach(ArrayList.java:1604) ~[na:na]
	at org.junit.platform.engine.support.hierarchical.SameThreadHierarchicalTestExecutorService.invokeAll(SameThreadHierarchicalTestExecutorService.java:41) ~[junit-platform-engine-1.10.1.jar:1.10.1]
	at org.junit.platform.engine.support.hierarchical.NodeTestTask.lambda$executeRecursively$6(NodeTestTask.java:155) ~[junit-platform-engine-1.10.1.jar:1.10.1]
	at org.junit.platform.engine.support.hierarchical.ThrowableCollector.execute(ThrowableCollector.java:73) ~[junit-platform-engine-1.10.1.jar:1.10.1]
	at org.junit.platform.engine.support.hierarchical.NodeTestTask.lambda$executeRecursively$8(NodeTestTask.java:141) ~[junit-platform-engine-1.10.1.jar:1.10.1]
	at org.junit.platform.engine.support.hierarchical.Node.around(Node.java:137) ~[junit-platform-engine-1.10.1.jar:1.10.1]
	at org.junit.platform.engine.support.hierarchical.NodeTestTask.lambda$executeRecursively$9(NodeTestTask.java:139) ~[junit-platform-engine-1.10.1.jar:1.10.1]
	at org.junit.platform.engine.support.hierarchical.ThrowableCollector.execute(ThrowableCollector.java:73) ~[junit-platform-engine-1.10.1.jar:1.10.1]
	at org.junit.platform.engine.support.hierarchical.NodeTestTask.executeRecursively(NodeTestTask.java:138) ~[junit-platform-engine-1.10.1.jar:1.10.1]
	at org.junit.platform.engine.support.hierarchical.NodeTestTask.execute(NodeTestTask.java:95) ~[junit-platform-engine-1.10.1.jar:1.10.1]
	at java.base/java.util.ArrayList.forEach(ArrayList.java:1604) ~[na:na]
	at org.junit.platform.engine.support.hierarchical.SameThreadHierarchicalTestExecutorService.invokeAll(SameThreadHierarchicalTestExecutorService.java:41) ~[junit-platform-engine-1.10.1.jar:1.10.1]
	at org.junit.platform.engine.support.hierarchical.NodeTestTask.lambda$executeRecursively$6(NodeTestTask.java:155) ~[junit-platform-engine-1.10.1.jar:1.10.1]
	at org.junit.platform.engine.support.hierarchical.ThrowableCollector.execute(ThrowableCollector.java:73) ~[junit-platform-engine-1.10.1.jar:1.10.1]
	at org.junit.platform.engine.support.hierarchical.NodeTestTask.lambda$executeRecursively$8(NodeTestTask.java:141) ~[junit-platform-engine-1.10.1.jar:1.10.1]
	at org.junit.platform.engine.support.hierarchical.Node.around(Node.java:137) ~[junit-platform-engine-1.10.1.jar:1.10.1]
	at org.junit.platform.engine.support.hierarchical.NodeTestTask.lambda$executeRecursively$9(NodeTestTask.java:139) ~[junit-platform-engine-1.10.1.jar:1.10.1]
	at org.junit.platform.engine.support.hierarchical.ThrowableCollector.execute(ThrowableCollector.java:73) ~[junit-platform-engine-1.10.1.jar:1.10.1]
	at org.junit.platform.engine.support.hierarchical.NodeTestTask.executeRecursively(NodeTestTask.java:138) ~[junit-platform-engine-1.10.1.jar:1.10.1]
	at org.junit.platform.engine.support.hierarchical.NodeTestTask.execute(NodeTestTask.java:95) ~[junit-platform-engine-1.10.1.jar:1.10.1]
	at org.junit.platform.engine.support.hierarchical.SameThreadHierarchicalTestExecutorService.submit(SameThreadHierarchicalTestExecutorService.java:35) ~[junit-platform-engine-1.10.1.jar:1.10.1]
	at org.junit.platform.engine.support.hierarchical.HierarchicalTestExecutor.execute(HierarchicalTestExecutor.java:57) ~[junit-platform-engine-1.10.1.jar:1.10.1]
	at org.junit.platform.engine.support.hierarchical.HierarchicalTestEngine.execute(HierarchicalTestEngine.java:54) ~[junit-platform-engine-1.10.1.jar:1.10.1]
	at org.junit.platform.launcher.core.EngineExecutionOrchestrator.execute(EngineExecutionOrchestrator.java:198) ~[junit-platform-launcher-1.10.1.jar:1.10.1]
	at org.junit.platform.launcher.core.EngineExecutionOrchestrator.execute(EngineExecutionOrchestrator.java:169) ~[junit-platform-launcher-1.10.1.jar:1.10.1]
	at org.junit.platform.launcher.core.EngineExecutionOrchestrator.execute(EngineExecutionOrchestrator.java:93) ~[junit-platform-launcher-1.10.1.jar:1.10.1]
	at org.junit.platform.launcher.core.EngineExecutionOrchestrator.lambda$execute$0(EngineExecutionOrchestrator.java:58) ~[junit-platform-launcher-1.10.1.jar:1.10.1]
	at org.junit.platform.launcher.core.EngineExecutionOrchestrator.withInterceptedStreams(EngineExecutionOrchestrator.java:141) ~[junit-platform-launcher-1.10.1.jar:1.10.1]
	at org.junit.platform.launcher.core.EngineExecutionOrchestrator.execute(EngineExecutionOrchestrator.java:57) ~[junit-platform-launcher-1.10.1.jar:1.10.1]
	at org.junit.platform.launcher.core.DefaultLauncher.execute(DefaultLauncher.java:103) ~[junit-platform-launcher-1.10.1.jar:1.10.1]
	at org.junit.platform.launcher.core.DefaultLauncher.execute(DefaultLauncher.java:85) ~[junit-platform-launcher-1.10.1.jar:1.10.1]
	at org.junit.platform.launcher.core.DelegatingLauncher.execute(DelegatingLauncher.java:47) ~[junit-platform-launcher-1.10.1.jar:1.10.1]
	at org.apache.maven.surefire.junitplatform.LazyLauncher.execute(LazyLauncher.java:56) ~[surefire-junit-platform-3.2.5.jar:3.2.5]
	at org.apache.maven.surefire.junitplatform.JUnitPlatformProvider.execute(JUnitPlatformProvider.java:184) ~[surefire-junit-platform-3.2.5.jar:3.2.5]
	at org.apache.maven.surefire.junitplatform.JUnitPlatformProvider.invokeAllTests(JUnitPlatformProvider.java:148) ~[surefire-junit-platform-3.2.5.jar:3.2.5]
	at org.apache.maven.surefire.junitplatform.JUnitPlatformProvider.invoke(JUnitPlatformProvider.java:122) ~[surefire-junit-platform-3.2.5.jar:3.2.5]
	at org.apache.maven.surefire.booter.ForkedBooter.runSuitesInProcess(ForkedBooter.java:385) ~[surefire-booter-3.2.5.jar:3.2.5]
	at org.apache.maven.surefire.booter.ForkedBooter.execute(ForkedBooter.java:162) ~[surefire-booter-3.2.5.jar:3.2.5]
	at org.apache.maven.surefire.booter.ForkedBooter.run(ForkedBooter.java:507) ~[surefire-booter-3.2.5.jar:3.2.5]
	at org.apache.maven.surefire.booter.ForkedBooter.main(ForkedBooter.java:495) ~[surefire-booter-3.2.5.jar:3.2.5]
Caused by: org.hibernate.exception.ConstraintViolationException: could not execute statement [Unique index or primary key violation: "PRIMARY KEY ON PUBLIC.MEMBER(ID) ( /* key:1 */ CAST(1 AS BIGINT), '2125551212', 'John Smith', 'john.smith@mailinator.com')"; SQL statement:
insert into member (email,name,phone_number,id) values (?,?,?,default) [23505-224]] [insert into member (email,name,phone_number,id) values (?,?,?,default)]
	at org.hibernate.exception.internal.SQLExceptionTypeDelegate.convert(SQLExceptionTypeDelegate.java:62) ~[hibernate-core-6.4.1.Final.jar:6.4.1.Final]
	at org.hibernate.exception.internal.StandardSQLExceptionConverter.convert(StandardSQLExceptionConverter.java:58) ~[hibernate-core-6.4.1.Final.jar:6.4.1.Final]
	at org.hibernate.engine.jdbc.spi.SqlExceptionHelper.convert(SqlExceptionHelper.java:108) ~[hibernate-core-6.4.1.Final.jar:6.4.1.Final]
	at org.hibernate.engine.jdbc.internal.ResultSetReturnImpl.executeUpdate(ResultSetReturnImpl.java:197) ~[hibernate-core-6.4.1.Final.jar:6.4.1.Final]
	at org.hibernate.id.insert.GetGeneratedKeysDelegate.performInsert(GetGeneratedKeysDelegate.java:107) ~[hibernate-core-6.4.1.Final.jar:6.4.1.Final]
	at org.hibernate.engine.jdbc.mutation.internal.MutationExecutorPostInsertSingleTable.execute(MutationExecutorPostInsertSingleTable.java:100) ~[hibernate-core-6.4.1.Final.jar:6.4.1.Final]
	at org.hibernate.persister.entity.mutation.InsertCoordinator.doStaticInserts(InsertCoordinator.java:175) ~[hibernate-core-6.4.1.Final.jar:6.4.1.Final]
	at org.hibernate.persister.entity.mutation.InsertCoordinator.coordinateInsert(InsertCoordinator.java:113) ~[hibernate-core-6.4.1.Final.jar:6.4.1.Final]
	at org.hibernate.persister.entity.AbstractEntityPersister.insert(AbstractEntityPersister.java:2868) ~[hibernate-core-6.4.1.Final.jar:6.4.1.Final]
	at org.hibernate.action.internal.EntityIdentityInsertAction.execute(EntityIdentityInsertAction.java:81) ~[hibernate-core-6.4.1.Final.jar:6.4.1.Final]
	at org.hibernate.engine.spi.ActionQueue.execute(ActionQueue.java:670) ~[hibernate-core-6.4.1.Final.jar:6.4.1.Final]
	at org.hibernate.engine.spi.ActionQueue.addResolvedEntityInsertAction(ActionQueue.java:291) ~[hibernate-core-6.4.1.Final.jar:6.4.1.Final]
	at org.hibernate.engine.spi.ActionQueue.addInsertAction(ActionQueue.java:272) ~[hibernate-core-6.4.1.Final.jar:6.4.1.Final]
	at org.hibernate.engine.spi.ActionQueue.addAction(ActionQueue.java:322) ~[hibernate-core-6.4.1.Final.jar:6.4.1.Final]
	at org.hibernate.event.internal.AbstractSaveEventListener.addInsertAction(AbstractSaveEventListener.java:386) ~[hibernate-core-6.4.1.Final.jar:6.4.1.Final]
	at org.hibernate.event.internal.AbstractSaveEventListener.performSaveOrReplicate(AbstractSaveEventListener.java:300) ~[hibernate-core-6.4.1.Final.jar:6.4.1.Final]
	at org.hibernate.event.internal.AbstractSaveEventListener.performSave(AbstractSaveEventListener.java:219) ~[hibernate-core-6.4.1.Final.jar:6.4.1.Final]
	at org.hibernate.event.internal.AbstractSaveEventListener.saveWithGeneratedId(AbstractSaveEventListener.java:134) ~[hibernate-core-6.4.1.Final.jar:6.4.1.Final]
	at org.hibernate.event.internal.DefaultPersistEventListener.entityIsTransient(DefaultPersistEventListener.java:175) ~[hibernate-core-6.4.1.Final.jar:6.4.1.Final]
	at org.hibernate.event.internal.DefaultPersistEventListener.persist(DefaultPersistEventListener.java:93) ~[hibernate-core-6.4.1.Final.jar:6.4.1.Final]
	at org.hibernate.event.internal.DefaultPersistEventListener.onPersist(DefaultPersistEventListener.java:77) ~[hibernate-core-6.4.1.Final.jar:6.4.1.Final]
	at org.hibernate.event.internal.DefaultPersistEventListener.onPersist(DefaultPersistEventListener.java:54) ~[hibernate-core-6.4.1.Final.jar:6.4.1.Final]
	at org.hibernate.event.service.internal.EventListenerGroupImpl.fireEventOnEachListener(EventListenerGroupImpl.java:127) ~[hibernate-core-6.4.1.Final.jar:6.4.1.Final]
	at org.hibernate.internal.SessionImpl.firePersist(SessionImpl.java:774) ~[hibernate-core-6.4.1.Final.jar:6.4.1.Final]
	at org.hibernate.internal.SessionImpl.persist(SessionImpl.java:758) ~[hibernate-core-6.4.1.Final.jar:6.4.1.Final]
	at java.base/jdk.internal.reflect.DirectMethodHandleAccessor.invoke(DirectMethodHandleAccessor.java:104) ~[na:na]
	at java.base/java.lang.reflect.Method.invoke(Method.java:565) ~[na:na]
	at org.springframework.orm.jpa.SharedEntityManagerCreator$SharedEntityManagerInvocationHandler.invoke(SharedEntityManagerCreator.java:319) ~[spring-orm-6.1.2.jar:6.1.2]
	at jdk.proxy2/jdk.proxy2.$Proxy130.persist(Unknown Source) ~[na:na]
	at org.springframework.data.jpa.repository.support.SimpleJpaRepository.save(SimpleJpaRepository.java:618) ~[spring-data-jpa-3.2.1.jar:3.2.1]
	at java.base/jdk.internal.reflect.DirectMethodHandleAccessor.invoke(DirectMethodHandleAccessor.java:104) ~[na:na]
	at java.base/java.lang.reflect.Method.invoke(Method.java:565) ~[na:na]
	at org.springframework.aop.support.AopUtils.invokeJoinpointUsingReflection(AopUtils.java:352) ~[spring-aop-6.1.2.jar:6.1.2]
	at org.springframework.data.repository.core.support.RepositoryMethodInvoker$RepositoryFragmentMethodInvoker.lambda$new$0(RepositoryMethodInvoker.java:277) ~[spring-data-commons-3.2.1.jar:3.2.1]
	at org.springframework.data.repository.core.support.RepositoryMethodInvoker.doInvoke(RepositoryMethodInvoker.java:170) ~[spring-data-commons-3.2.1.jar:3.2.1]
	at org.springframework.data.repository.core.support.RepositoryMethodInvoker.invoke(RepositoryMethodInvoker.java:158) ~[spring-data-commons-3.2.1.jar:3.2.1]
	at org.springframework.data.repository.core.support.RepositoryComposition$RepositoryFragments.invoke(RepositoryComposition.java:516) ~[spring-data-commons-3.2.1.jar:3.2.1]
	at org.springframework.data.repository.core.support.RepositoryComposition.invoke(RepositoryComposition.java:285) ~[spring-data-commons-3.2.1.jar:3.2.1]
	at org.springframework.data.repository.core.support.RepositoryFactorySupport$ImplementationMethodExecutionInterceptor.invoke(RepositoryFactorySupport.java:628) ~[spring-data-commons-3.2.1.jar:3.2.1]
	at org.springframework.aop.framework.ReflectiveMethodInvocation.proceed(ReflectiveMethodInvocation.java:184) ~[spring-aop-6.1.2.jar:6.1.2]
	at org.springframework.data.repository.core.support.QueryExecutorMethodInterceptor.doInvoke(QueryExecutorMethodInterceptor.java:168) ~[spring-data-commons-3.2.1.jar:3.2.1]
	at org.springframework.data.repository.core.support.QueryExecutorMethodInterceptor.invoke(QueryExecutorMethodInterceptor.java:143) ~[spring-data-commons-3.2.1.jar:3.2.1]
	at org.springframework.aop.framework.ReflectiveMethodInvocation.proceed(ReflectiveMethodInvocation.java:184) ~[spring-aop-6.1.2.jar:6.1.2]
	at org.springframework.data.projection.DefaultMethodInvokingMethodInterceptor.invoke(DefaultMethodInvokingMethodInterceptor.java:70) ~[spring-data-commons-3.2.1.jar:3.2.1]
	at org.springframework.aop.framework.ReflectiveMethodInvocation.proceed(ReflectiveMethodInvocation.java:184) ~[spring-aop-6.1.2.jar:6.1.2]
	at org.springframework.transaction.interceptor.TransactionInterceptor$1.proceedWithInvocation(TransactionInterceptor.java:123) ~[spring-tx-6.1.2.jar:6.1.2]
	at org.springframework.transaction.interceptor.TransactionAspectSupport.invokeWithinTransaction(TransactionAspectSupport.java:385) ~[spring-tx-6.1.2.jar:6.1.2]
	at org.springframework.transaction.interceptor.TransactionInterceptor.invoke(TransactionInterceptor.java:119) ~[spring-tx-6.1.2.jar:6.1.2]
	at org.springframework.aop.framework.ReflectiveMethodInvocation.proceed(ReflectiveMethodInvocation.java:184) ~[spring-aop-6.1.2.jar:6.1.2]
	at org.springframework.dao.support.PersistenceExceptionTranslationInterceptor.invoke(PersistenceExceptionTranslationInterceptor.java:137) ~[spring-tx-6.1.2.jar:6.1.2]
	... 91 common frames omitted
Caused by: org.h2.jdbc.JdbcSQLIntegrityConstraintViolationException: Unique index or primary key violation: "PRIMARY KEY ON PUBLIC.MEMBER(ID) ( /* key:1 */ CAST(1 AS BIGINT), '2125551212', 'John Smith', 'john.smith@mailinator.com')"; SQL statement:
insert into member (email,name,phone_number,id) values (?,?,?,default) [23505-224]
	at org.h2.message.DbException.getJdbcSQLException(DbException.java:520) ~[h2-2.2.224.jar:2.2.224]
	at org.h2.message.DbException.getJdbcSQLException(DbException.java:489) ~[h2-2.2.224.jar:2.2.224]
	at org.h2.message.DbException.get(DbException.java:223) ~[h2-2.2.224.jar:2.2.224]
	at org.h2.message.DbException.get(DbException.java:199) ~[h2-2.2.224.jar:2.2.224]
	at org.h2.mvstore.db.MVPrimaryIndex.add(MVPrimaryIndex.java:120) ~[h2-2.2.224.jar:2.2.224]
	at org.h2.mvstore.db.MVTable.addRow(MVTable.java:519) ~[h2-2.2.224.jar:2.2.224]
	at org.h2.command.dml.Insert.insertRows(Insert.java:174) ~[h2-2.2.224.jar:2.2.224]
	at org.h2.command.dml.Insert.update(Insert.java:135) ~[h2-2.2.224.jar:2.2.224]
	at org.h2.command.CommandContainer.executeUpdateWithGeneratedKeys(CommandContainer.java:242) ~[h2-2.2.224.jar:2.2.224]
	at org.h2.command.CommandContainer.update(CommandContainer.java:163) ~[h2-2.2.224.jar:2.2.224]
	at org.h2.command.Command.executeUpdate(Command.java:256) ~[h2-2.2.224.jar:2.2.224]
	at org.h2.jdbc.JdbcPreparedStatement.executeUpdateInternal(JdbcPreparedStatement.java:216) ~[h2-2.2.224.jar:2.2.224]
	at org.h2.jdbc.JdbcPreparedStatement.executeUpdate(JdbcPreparedStatement.java:174) ~[h2-2.2.224.jar:2.2.224]
	at org.hibernate.engine.jdbc.internal.ResultSetReturnImpl.executeUpdate(ResultSetReturnImpl.java:194) ~[hibernate-core-6.4.1.Final.jar:6.4.1.Final]
	... 137 common frames omitted

&amp#27;[2m2025-08-25T13:31:13.794-07:00&amp#27;[0;39m &amp#27;[32m INFO&amp#27;[0;39m &amp#27;[35m63658&amp#27;[0;39m &amp#27;[2m---&amp#27;[0;39m &amp#27;[2m[kitchensink-spring-boot] [           main]&amp#27;[0;39m &amp#27;[2m&amp#27;[0;39m&amp#27;[36mj.LocalContainerEntityManagerFactoryBean&amp#27;[0;39m &amp#27;[2m:&amp#27;[0;39m Closing JPA EntityManagerFactory for persistence unit 'default'
&amp#27;[2m2025-08-25T13:31:13.795-07:00&amp#27;[0;39m &amp#27;[32mDEBUG&amp#27;[0;39m &amp#27;[35m63658&amp#27;[0;39m &amp#27;[2m---&amp#27;[0;39m &amp#27;[2m[kitchensink-spring-boot] [           main]&amp#27;[0;39m &amp#27;[2m&amp#27;[0;39m&amp#27;[36morg.hibernate.SQL                       &amp#27;[0;39m &amp#27;[2m:&amp#27;[0;39m 
    drop table if exists member cascade 
Hibernate: 
    drop table if exists member cascade 
]]></system-out>
  </testcase>
  <testcase name="testServiceRegisterDuplicateEmail" classname="org.jboss.as.quickstarts.kitchensink.KitchensinkApplicationTests" time="0.009">
    <system-out><![CDATA[&amp#27;[2m2025-08-25T13:31:13.804-07:00&amp#27;[0;39m &amp#27;[32m INFO&amp#27;[0;39m &amp#27;[35m63658&amp#27;[0;39m &amp#27;[2m---&amp#27;[0;39m &amp#27;[2m[kitchensink-spring-boot] [           main]&amp#27;[0;39m &amp#27;[2m&amp#27;[0;39m&amp#27;[36mo.s.b.d.r.RestartApplicationListener    &amp#27;[0;39m &amp#27;[2m:&amp#27;[0;39m Restart disabled due to context in which it is running

  .   ____          _            __ _ _
 /\\ / ___'_ __ _ _(_)_ __  __ _ \ \ \ \
( ( )\___ | '_ | '_| | '_ \/ _` | \ \ \ \
 \\/  ___)| |_)| | | | | || (_| |  ) ) ) )
  '  |____| .__|_| |_|_| |_\__, | / / / /
 =========|_|==============|___/=/_/_/_/
&amp#27;[32m :: Spring Boot :: &amp#27;[39m              &amp#27;[2m (v3.2.1)&amp#27;[0;39m

&amp#27;[2m2025-08-25T13:31:13.816-07:00&amp#27;[0;39m &amp#27;[32m INFO&amp#27;[0;39m &amp#27;[35m63658&amp#27;[0;39m &amp#27;[2m---&amp#27;[0;39m &amp#27;[2m[kitchensink-spring-boot] [           main]&amp#27;[0;39m &amp#27;[2m&amp#27;[0;39m&amp#27;[36mo.j.a.q.k.KitchensinkApplicationTests   &amp#27;[0;39m &amp#27;[2m:&amp#27;[0;39m Starting KitchensinkApplicationTests using Java 24.0.2 with PID 63658 (started by shivamtrivedi in /Users/shivamtrivedi/workspace/jboss-eap-quickstarts/kitchensink-spring-boot)
&amp#27;[2m2025-08-25T13:31:13.816-07:00&amp#27;[0;39m &amp#27;[32m INFO&amp#27;[0;39m &amp#27;[35m63658&amp#27;[0;39m &amp#27;[2m---&amp#27;[0;39m &amp#27;[2m[kitchensink-spring-boot] [           main]&amp#27;[0;39m &amp#27;[2m&amp#27;[0;39m&amp#27;[36mo.j.a.q.k.KitchensinkApplicationTests   &amp#27;[0;39m &amp#27;[2m:&amp#27;[0;39m No active profile set, falling back to 1 default profile: "default"
&amp#27;[2m2025-08-25T13:31:13.854-07:00&amp#27;[0;39m &amp#27;[32m INFO&amp#27;[0;39m &amp#27;[35m63658&amp#27;[0;39m &amp#27;[2m---&amp#27;[0;39m &amp#27;[2m[kitchensink-spring-boot] [           main]&amp#27;[0;39m &amp#27;[2m&amp#27;[0;39m&amp#27;[36m.s.d.r.c.RepositoryConfigurationDelegate&amp#27;[0;39m &amp#27;[2m:&amp#27;[0;39m Bootstrapping Spring Data JPA repositories in DEFAULT mode.
&amp#27;[2m2025-08-25T13:31:13.857-07:00&amp#27;[0;39m &amp#27;[32m INFO&amp#27;[0;39m &amp#27;[35m63658&amp#27;[0;39m &amp#27;[2m---&amp#27;[0;39m &amp#27;[2m[kitchensink-spring-boot] [           main]&amp#27;[0;39m &amp#27;[2m&amp#27;[0;39m&amp#27;[36m.s.d.r.c.RepositoryConfigurationDelegate&amp#27;[0;39m &amp#27;[2m:&amp#27;[0;39m Finished Spring Data repository scanning in 2 ms. Found 1 JPA repository interface.
&amp#27;[2m2025-08-25T13:31:13.873-07:00&amp#27;[0;39m &amp#27;[32m INFO&amp#27;[0;39m &amp#27;[35m63658&amp#27;[0;39m &amp#27;[2m---&amp#27;[0;39m &amp#27;[2m[kitchensink-spring-boot] [           main]&amp#27;[0;39m &amp#27;[2m&amp#27;[0;39m&amp#27;[36mbeddedDataSourceBeanFactoryPostProcessor&amp#27;[0;39m &amp#27;[2m:&amp#27;[0;39m Replacing 'dataSource' DataSource bean with embedded version
&amp#27;[2m2025-08-25T13:31:13.892-07:00&amp#27;[0;39m &amp#27;[32m INFO&amp#27;[0;39m &amp#27;[35m63658&amp#27;[0;39m &amp#27;[2m---&amp#27;[0;39m &amp#27;[2m[kitchensink-spring-boot] [           main]&amp#27;[0;39m &amp#27;[2m&amp#27;[0;39m&amp#27;[36mo.s.b.w.embedded.tomcat.TomcatWebServer &amp#27;[0;39m &amp#27;[2m:&amp#27;[0;39m Tomcat initialized with port 0 (http)
&amp#27;[2m2025-08-25T13:31:13.893-07:00&amp#27;[0;39m &amp#27;[32m INFO&amp#27;[0;39m &amp#27;[35m63658&amp#27;[0;39m &amp#27;[2m---&amp#27;[0;39m &amp#27;[2m[kitchensink-spring-boot] [           main]&amp#27;[0;39m &amp#27;[2m&amp#27;[0;39m&amp#27;[36mo.apache.catalina.core.StandardService  &amp#27;[0;39m &amp#27;[2m:&amp#27;[0;39m Starting service [Tomcat]
&amp#27;[2m2025-08-25T13:31:13.893-07:00&amp#27;[0;39m &amp#27;[32m INFO&amp#27;[0;39m &amp#27;[35m63658&amp#27;[0;39m &amp#27;[2m---&amp#27;[0;39m &amp#27;[2m[kitchensink-spring-boot] [           main]&amp#27;[0;39m &amp#27;[2m&amp#27;[0;39m&amp#27;[36mo.apache.catalina.core.StandardEngine   &amp#27;[0;39m &amp#27;[2m:&amp#27;[0;39m Starting Servlet engine: [Apache Tomcat/10.1.17]
&amp#27;[2m2025-08-25T13:31:13.898-07:00&amp#27;[0;39m &amp#27;[32m INFO&amp#27;[0;39m &amp#27;[35m63658&amp#27;[0;39m &amp#27;[2m---&amp#27;[0;39m &amp#27;[2m[kitchensink-spring-boot] [           main]&amp#27;[0;39m &amp#27;[2m&amp#27;[0;39m&amp#27;[36mo.a.c.c.C.[Tomcat].[localhost].[/]      &amp#27;[0;39m &amp#27;[2m:&amp#27;[0;39m Initializing Spring embedded WebApplicationContext
&amp#27;[2m2025-08-25T13:31:13.898-07:00&amp#27;[0;39m &amp#27;[32m INFO&amp#27;[0;39m &amp#27;[35m63658&amp#27;[0;39m &amp#27;[2m---&amp#27;[0;39m &amp#27;[2m[kitchensink-spring-boot] [           main]&amp#27;[0;39m &amp#27;[2m&amp#27;[0;39m&amp#27;[36mw.s.c.ServletWebServerApplicationContext&amp#27;[0;39m &amp#27;[2m:&amp#27;[0;39m Root WebApplicationContext: initialization completed in 82 ms
&amp#27;[2m2025-08-25T13:31:13.899-07:00&amp#27;[0;39m &amp#27;[32m INFO&amp#27;[0;39m &amp#27;[35m63658&amp#27;[0;39m &amp#27;[2m---&amp#27;[0;39m &amp#27;[2m[kitchensink-spring-boot] [           main]&amp#27;[0;39m &amp#27;[2m&amp#27;[0;39m&amp#27;[36mo.s.j.d.e.EmbeddedDatabaseFactory       &amp#27;[0;39m &amp#27;[2m:&amp#27;[0;39m Starting embedded database: url='jdbc:h2:mem:a34db751-d103-4e51-8dc8-85b83dccc870;DB_CLOSE_DELAY=-1;DB_CLOSE_ON_EXIT=false', username='sa'
&amp#27;[2m2025-08-25T13:31:13.900-07:00&amp#27;[0;39m &amp#27;[32m INFO&amp#27;[0;39m &amp#27;[35m63658&amp#27;[0;39m &amp#27;[2m---&amp#27;[0;39m &amp#27;[2m[kitchensink-spring-boot] [           main]&amp#27;[0;39m &amp#27;[2m&amp#27;[0;39m&amp#27;[36mo.s.b.a.h2.H2ConsoleAutoConfiguration   &amp#27;[0;39m &amp#27;[2m:&amp#27;[0;39m H2 console available at '/h2-console'. Database available at 'jdbc:h2:mem:a34db751-d103-4e51-8dc8-85b83dccc870'
&amp#27;[2m2025-08-25T13:31:13.906-07:00&amp#27;[0;39m &amp#27;[32m INFO&amp#27;[0;39m &amp#27;[35m63658&amp#27;[0;39m &amp#27;[2m---&amp#27;[0;39m &amp#27;[2m[kitchensink-spring-boot] [           main]&amp#27;[0;39m &amp#27;[2m&amp#27;[0;39m&amp#27;[36mo.hibernate.jpa.internal.util.LogHelper &amp#27;[0;39m &amp#27;[2m:&amp#27;[0;39m HHH000204: Processing PersistenceUnitInfo [name: default]
&amp#27;[2m2025-08-25T13:31:13.907-07:00&amp#27;[0;39m &amp#27;[32m INFO&amp#27;[0;39m &amp#27;[35m63658&amp#27;[0;39m &amp#27;[2m---&amp#27;[0;39m &amp#27;[2m[kitchensink-spring-boot] [           main]&amp#27;[0;39m &amp#27;[2m&amp#27;[0;39m&amp#27;[36mo.h.c.internal.RegionFactoryInitiator   &amp#27;[0;39m &amp#27;[2m:&amp#27;[0;39m HHH000026: Second-level cache disabled
&amp#27;[2m2025-08-25T13:31:13.908-07:00&amp#27;[0;39m &amp#27;[32m INFO&amp#27;[0;39m &amp#27;[35m63658&amp#27;[0;39m &amp#27;[2m---&amp#27;[0;39m &amp#27;[2m[kitchensink-spring-boot] [           main]&amp#27;[0;39m &amp#27;[2m&amp#27;[0;39m&amp#27;[36mo.s.o.j.p.SpringPersistenceUnitInfo     &amp#27;[0;39m &amp#27;[2m:&amp#27;[0;39m No LoadTimeWeaver setup: ignoring JPA class transformer
&amp#27;[2m2025-08-25T13:31:13.908-07:00&amp#27;[0;39m &amp#27;[33m WARN&amp#27;[0;39m &amp#27;[35m63658&amp#27;[0;39m &amp#27;[2m---&amp#27;[0;39m &amp#27;[2m[kitchensink-spring-boot] [           main]&amp#27;[0;39m &amp#27;[2m&amp#27;[0;39m&amp#27;[36morg.hibernate.orm.deprecation           &amp#27;[0;39m &amp#27;[2m:&amp#27;[0;39m HHH90000025: H2Dialect does not need to be specified explicitly using 'hibernate.dialect' (remove the property setting and it will be selected by default)
&amp#27;[2m2025-08-25T13:31:13.921-07:00&amp#27;[0;39m &amp#27;[32m INFO&amp#27;[0;39m &amp#27;[35m63658&amp#27;[0;39m &amp#27;[2m---&amp#27;[0;39m &amp#27;[2m[kitchensink-spring-boot] [           main]&amp#27;[0;39m &amp#27;[2m&amp#27;[0;39m&amp#27;[36mo.h.e.t.j.p.i.JtaPlatformInitiator      &amp#27;[0;39m &amp#27;[2m:&amp#27;[0;39m HHH000489: No JTA platform available (set 'hibernate.transaction.jta.platform' to enable JTA platform integration)
&amp#27;[2m2025-08-25T13:31:13.921-07:00&amp#27;[0;39m &amp#27;[32mDEBUG&amp#27;[0;39m &amp#27;[35m63658&amp#27;[0;39m &amp#27;[2m---&amp#27;[0;39m &amp#27;[2m[kitchensink-spring-boot] [           main]&amp#27;[0;39m &amp#27;[2m&amp#27;[0;39m&amp#27;[36morg.hibernate.SQL                       &amp#27;[0;39m &amp#27;[2m:&amp#27;[0;39m 
    drop table if exists member cascade 
Hibernate: 
    drop table if exists member cascade 
&amp#27;[2m2025-08-25T13:31:13.921-07:00&amp#27;[0;39m &amp#27;[32mDEBUG&amp#27;[0;39m &amp#27;[35m63658&amp#27;[0;39m &amp#27;[2m---&amp#27;[0;39m &amp#27;[2m[kitchensink-spring-boot] [           main]&amp#27;[0;39m &amp#27;[2m&amp#27;[0;39m&amp#27;[36morg.hibernate.SQL                       &amp#27;[0;39m &amp#27;[2m:&amp#27;[0;39m 
    create table member (
        id bigint generated by default as identity,
        phone_number varchar(12) not null,
        name varchar(25) not null,
        email varchar(255) not null,
        primary key (id),
        unique (email)
    )
Hibernate: 
    create table member (
        id bigint generated by default as identity,
        phone_number varchar(12) not null,
        name varchar(25) not null,
        email varchar(255) not null,
        primary key (id),
        unique (email)
    )
&amp#27;[2m2025-08-25T13:31:13.922-07:00&amp#27;[0;39m &amp#27;[32m INFO&amp#27;[0;39m &amp#27;[35m63658&amp#27;[0;39m &amp#27;[2m---&amp#27;[0;39m &amp#27;[2m[kitchensink-spring-boot] [           main]&amp#27;[0;39m &amp#27;[2m&amp#27;[0;39m&amp#27;[36mj.LocalContainerEntityManagerFactoryBean&amp#27;[0;39m &amp#27;[2m:&amp#27;[0;39m Initialized JPA EntityManagerFactory for persistence unit 'default'
&amp#27;[2m2025-08-25T13:31:13.941-07:00&amp#27;[0;39m &amp#27;[33m WARN&amp#27;[0;39m &amp#27;[35m63658&amp#27;[0;39m &amp#27;[2m---&amp#27;[0;39m &amp#27;[2m[kitchensink-spring-boot] [           main]&amp#27;[0;39m &amp#27;[2m&amp#27;[0;39m&amp#27;[36mJpaBaseConfiguration$JpaWebConfiguration&amp#27;[0;39m &amp#27;[2m:&amp#27;[0;39m spring.jpa.open-in-view is enabled by default. Therefore, database queries may be performed during view rendering. Explicitly configure spring.jpa.open-in-view to disable this warning
&amp#27;[2m2025-08-25T13:31:13.974-07:00&amp#27;[0;39m &amp#27;[32m INFO&amp#27;[0;39m &amp#27;[35m63658&amp#27;[0;39m &amp#27;[2m---&amp#27;[0;39m &amp#27;[2m[kitchensink-spring-boot] [           main]&amp#27;[0;39m &amp#27;[2m&amp#27;[0;39m&amp#27;[36mo.s.b.w.embedded.tomcat.TomcatWebServer &amp#27;[0;39m &amp#27;[2m:&amp#27;[0;39m Tomcat started on port 64251 (http) with context path ''
&amp#27;[2m2025-08-25T13:31:13.975-07:00&amp#27;[0;39m &amp#27;[32m INFO&amp#27;[0;39m &amp#27;[35m63658&amp#27;[0;39m &amp#27;[2m---&amp#27;[0;39m &amp#27;[2m[kitchensink-spring-boot] [           main]&amp#27;[0;39m &amp#27;[2m&amp#27;[0;39m&amp#27;[36mo.j.a.q.k.KitchensinkApplicationTests   &amp#27;[0;39m &amp#27;[2m:&amp#27;[0;39m Started KitchensinkApplicationTests in 0.171 seconds (process running for 2.623)
&amp#27;[2m2025-08-25T13:31:13.976-07:00&amp#27;[0;39m &amp#27;[32m INFO&amp#27;[0;39m &amp#27;[35m63658&amp#27;[0;39m &amp#27;[2m---&amp#27;[0;39m &amp#27;[2m[kitchensink-spring-boot] [           main]&amp#27;[0;39m &amp#27;[2m&amp#27;[0;39m&amp#27;[36mo.j.a.q.k.KitchensinkApplication        &amp#27;[0;39m &amp#27;[2m:&amp#27;[0;39m Kitchensink Spring Boot Application Started
&amp#27;[2m2025-08-25T13:31:13.976-07:00&amp#27;[0;39m &amp#27;[32m INFO&amp#27;[0;39m &amp#27;[35m63658&amp#27;[0;39m &amp#27;[2m---&amp#27;[0;39m &amp#27;[2m[kitchensink-spring-boot] [           main]&amp#27;[0;39m &amp#27;[2m&amp#27;[0;39m&amp#27;[36mo.j.a.q.k.KitchensinkApplication        &amp#27;[0;39m &amp#27;[2m:&amp#27;[0;39m Access the REST API at: http://localhost:8080/api/members
&amp#27;[2m2025-08-25T13:31:13.976-07:00&amp#27;[0;39m &amp#27;[32m INFO&amp#27;[0;39m &amp#27;[35m63658&amp#27;[0;39m &amp#27;[2m---&amp#27;[0;39m &amp#27;[2m[kitchensink-spring-boot] [           main]&amp#27;[0;39m &amp#27;[2m&amp#27;[0;39m&amp#27;[36mo.j.a.q.k.KitchensinkApplication        &amp#27;[0;39m &amp#27;[2m:&amp#27;[0;39m Access the H2 Console at: http://localhost:8080/h2-console (if enabled)
&amp#27;[2m2025-08-25T13:31:13.979-07:00&amp#27;[0;39m &amp#27;[32m INFO&amp#27;[0;39m &amp#27;[35m63658&amp#27;[0;39m &amp#27;[2m---&amp#27;[0;39m &amp#27;[2m[kitchensink-spring-boot] [           main]&amp#27;[0;39m &amp#27;[2m&amp#27;[0;39m&amp#27;[36mo.j.a.q.k.service.MemberService         &amp#27;[0;39m &amp#27;[2m:&amp#27;[0;39m Registering Another John
&amp#27;[2m2025-08-25T13:31:13.980-07:00&amp#27;[0;39m &amp#27;[32mDEBUG&amp#27;[0;39m &amp#27;[35m63658&amp#27;[0;39m &amp#27;[2m---&amp#27;[0;39m &amp#27;[2m[kitchensink-spring-boot] [           main]&amp#27;[0;39m &amp#27;[2m&amp#27;[0;39m&amp#27;[36morg.hibernate.SQL                       &amp#27;[0;39m &amp#27;[2m:&amp#27;[0;39m 
    select
        m1_0.id,
        m1_0.email,
        m1_0.name,
        m1_0.phone_number 
    from
        member m1_0 
    where
        m1_0.email=?
Hibernate: 
    select
        m1_0.id,
        m1_0.email,
        m1_0.name,
        m1_0.phone_number 
    from
        member m1_0 
    where
        m1_0.email=?
&amp#27;[2m2025-08-25T13:31:13.981-07:00&amp#27;[0;39m &amp#27;[31mERROR&amp#27;[0;39m &amp#27;[35m63658&amp#27;[0;39m &amp#27;[2m---&amp#27;[0;39m &amp#27;[2m[kitchensink-spring-boot] [           main]&amp#27;[0;39m &amp#27;[2m&amp#27;[0;39m&amp#27;[36mo.j.a.q.k.service.MemberService         &amp#27;[0;39m &amp#27;[2m:&amp#27;[0;39m Error registering member: Email already exists: john.smith@mailinator.com

java.lang.Exception: Email already exists: john.smith@mailinator.com
	at org.jboss.as.quickstarts.kitchensink.service.MemberService.register(MemberService.java:48) ~[classes/:na]
	at java.base/jdk.internal.reflect.DirectMethodHandleAccessor.invoke(DirectMethodHandleAccessor.java:104) ~[na:na]
	at java.base/java.lang.reflect.Method.invoke(Method.java:565) ~[na:na]
	at org.springframework.aop.support.AopUtils.invokeJoinpointUsingReflection(AopUtils.java:352) ~[spring-aop-6.1.2.jar:6.1.2]
	at org.springframework.aop.framework.ReflectiveMethodInvocation.invokeJoinpoint(ReflectiveMethodInvocation.java:196) ~[spring-aop-6.1.2.jar:6.1.2]
	at org.springframework.aop.framework.ReflectiveMethodInvocation.proceed(ReflectiveMethodInvocation.java:163) ~[spring-aop-6.1.2.jar:6.1.2]
	at org.springframework.aop.framework.CglibAopProxy$CglibMethodInvocation.proceed(CglibAopProxy.java:765) ~[spring-aop-6.1.2.jar:6.1.2]
	at org.springframework.transaction.interceptor.TransactionInterceptor$1.proceedWithInvocation(TransactionInterceptor.java:123) ~[spring-tx-6.1.2.jar:6.1.2]
	at org.springframework.transaction.interceptor.TransactionAspectSupport.invokeWithinTransaction(TransactionAspectSupport.java:385) ~[spring-tx-6.1.2.jar:6.1.2]
	at org.springframework.transaction.interceptor.TransactionInterceptor.invoke(TransactionInterceptor.java:119) ~[spring-tx-6.1.2.jar:6.1.2]
	at org.springframework.aop.framework.ReflectiveMethodInvocation.proceed(ReflectiveMethodInvocation.java:184) ~[spring-aop-6.1.2.jar:6.1.2]
	at org.springframework.aop.framework.CglibAopProxy$CglibMethodInvocation.proceed(CglibAopProxy.java:765) ~[spring-aop-6.1.2.jar:6.1.2]
	at org.springframework.aop.framework.CglibAopProxy$DynamicAdvisedInterceptor.intercept(CglibAopProxy.java:717) ~[spring-aop-6.1.2.jar:6.1.2]
	at org.jboss.as.quickstarts.kitchensink.service.MemberService$$SpringCGLIB$$0.register(<generated>) ~[classes/:na]
	at org.jboss.as.quickstarts.kitchensink.KitchensinkApplicationTests.lambda$testServiceRegisterDuplicateEmail$0(KitchensinkApplicationTests.java:145) ~[test-classes/:na]
	at org.junit.jupiter.api.AssertThrows.assertThrows(AssertThrows.java:53) ~[junit-jupiter-api-5.10.1.jar:5.10.1]
	at org.junit.jupiter.api.AssertThrows.assertThrows(AssertThrows.java:35) ~[junit-jupiter-api-5.10.1.jar:5.10.1]
	at org.junit.jupiter.api.Assertions.assertThrows(Assertions.java:3115) ~[junit-jupiter-api-5.10.1.jar:5.10.1]
	at org.jboss.as.quickstarts.kitchensink.KitchensinkApplicationTests.testServiceRegisterDuplicateEmail(KitchensinkApplicationTests.java:144) ~[test-classes/:na]
	at java.base/jdk.internal.reflect.DirectMethodHandleAccessor.invoke(DirectMethodHandleAccessor.java:104) ~[na:na]
	at java.base/java.lang.reflect.Method.invoke(Method.java:565) ~[na:na]
	at org.junit.platform.commons.util.ReflectionUtils.invokeMethod(ReflectionUtils.java:728) ~[junit-platform-commons-1.10.1.jar:1.10.1]
	at org.junit.jupiter.engine.execution.MethodInvocation.proceed(MethodInvocation.java:60) ~[junit-jupiter-engine-5.10.1.jar:5.10.1]
	at org.junit.jupiter.engine.execution.InvocationInterceptorChain$ValidatingInvocation.proceed(InvocationInterceptorChain.java:131) ~[junit-jupiter-engine-5.10.1.jar:5.10.1]
	at org.junit.jupiter.engine.extension.TimeoutExtension.intercept(TimeoutExtension.java:156) ~[junit-jupiter-engine-5.10.1.jar:5.10.1]
	at org.junit.jupiter.engine.extension.TimeoutExtension.interceptTestableMethod(TimeoutExtension.java:147) ~[junit-jupiter-engine-5.10.1.jar:5.10.1]
	at org.junit.jupiter.engine.extension.TimeoutExtension.interceptTestMethod(TimeoutExtension.java:86) ~[junit-jupiter-engine-5.10.1.jar:5.10.1]
	at org.junit.jupiter.engine.execution.InterceptingExecutableInvoker$ReflectiveInterceptorCall.lambda$ofVoidMethod$0(InterceptingExecutableInvoker.java:103) ~[junit-jupiter-engine-5.10.1.jar:5.10.1]
	at org.junit.jupiter.engine.execution.InterceptingExecutableInvoker.lambda$invoke$0(InterceptingExecutableInvoker.java:93) ~[junit-jupiter-engine-5.10.1.jar:5.10.1]
	at org.junit.jupiter.engine.execution.InvocationInterceptorChain$InterceptedInvocation.proceed(InvocationInterceptorChain.java:106) ~[junit-jupiter-engine-5.10.1.jar:5.10.1]
	at org.junit.jupiter.engine.execution.InvocationInterceptorChain.proceed(InvocationInterceptorChain.java:64) ~[junit-jupiter-engine-5.10.1.jar:5.10.1]
	at org.junit.jupiter.engine.execution.InvocationInterceptorChain.chainAndInvoke(InvocationInterceptorChain.java:45) ~[junit-jupiter-engine-5.10.1.jar:5.10.1]
	at org.junit.jupiter.engine.execution.InvocationInterceptorChain.invoke(InvocationInterceptorChain.java:37) ~[junit-jupiter-engine-5.10.1.jar:5.10.1]
	at org.junit.jupiter.engine.execution.InterceptingExecutableInvoker.invoke(InterceptingExecutableInvoker.java:92) ~[junit-jupiter-engine-5.10.1.jar:5.10.1]
	at org.junit.jupiter.engine.execution.InterceptingExecutableInvoker.invoke(InterceptingExecutableInvoker.java:86) ~[junit-jupiter-engine-5.10.1.jar:5.10.1]
	at org.junit.jupiter.engine.descriptor.TestMethodTestDescriptor.lambda$invokeTestMethod$7(TestMethodTestDescriptor.java:218) ~[junit-jupiter-engine-5.10.1.jar:5.10.1]
	at org.junit.platform.engine.support.hierarchical.ThrowableCollector.execute(ThrowableCollector.java:73) ~[junit-platform-engine-1.10.1.jar:1.10.1]
	at org.junit.jupiter.engine.descriptor.TestMethodTestDescriptor.invokeTestMethod(TestMethodTestDescriptor.java:214) ~[junit-jupiter-engine-5.10.1.jar:5.10.1]
	at org.junit.jupiter.engine.descriptor.TestMethodTestDescriptor.execute(TestMethodTestDescriptor.java:139) ~[junit-jupiter-engine-5.10.1.jar:5.10.1]
	at org.junit.jupiter.engine.descriptor.TestMethodTestDescriptor.execute(TestMethodTestDescriptor.java:69) ~[junit-jupiter-engine-5.10.1.jar:5.10.1]
	at org.junit.platform.engine.support.hierarchical.NodeTestTask.lambda$executeRecursively$6(NodeTestTask.java:151) ~[junit-platform-engine-1.10.1.jar:1.10.1]
	at org.junit.platform.engine.support.hierarchical.ThrowableCollector.execute(ThrowableCollector.java:73) ~[junit-platform-engine-1.10.1.jar:1.10.1]
	at org.junit.platform.engine.support.hierarchical.NodeTestTask.lambda$executeRecursively$8(NodeTestTask.java:141) ~[junit-platform-engine-1.10.1.jar:1.10.1]
	at org.junit.platform.engine.support.hierarchical.Node.around(Node.java:137) ~[junit-platform-engine-1.10.1.jar:1.10.1]
	at org.junit.platform.engine.support.hierarchical.NodeTestTask.lambda$executeRecursively$9(NodeTestTask.java:139) ~[junit-platform-engine-1.10.1.jar:1.10.1]
	at org.junit.platform.engine.support.hierarchical.ThrowableCollector.execute(ThrowableCollector.java:73) ~[junit-platform-engine-1.10.1.jar:1.10.1]
	at org.junit.platform.engine.support.hierarchical.NodeTestTask.executeRecursively(NodeTestTask.java:138) ~[junit-platform-engine-1.10.1.jar:1.10.1]
	at org.junit.platform.engine.support.hierarchical.NodeTestTask.execute(NodeTestTask.java:95) ~[junit-platform-engine-1.10.1.jar:1.10.1]
	at java.base/java.util.ArrayList.forEach(ArrayList.java:1604) ~[na:na]
	at org.junit.platform.engine.support.hierarchical.SameThreadHierarchicalTestExecutorService.invokeAll(SameThreadHierarchicalTestExecutorService.java:41) ~[junit-platform-engine-1.10.1.jar:1.10.1]
	at org.junit.platform.engine.support.hierarchical.NodeTestTask.lambda$executeRecursively$6(NodeTestTask.java:155) ~[junit-platform-engine-1.10.1.jar:1.10.1]
	at org.junit.platform.engine.support.hierarchical.ThrowableCollector.execute(ThrowableCollector.java:73) ~[junit-platform-engine-1.10.1.jar:1.10.1]
	at org.junit.platform.engine.support.hierarchical.NodeTestTask.lambda$executeRecursively$8(NodeTestTask.java:141) ~[junit-platform-engine-1.10.1.jar:1.10.1]
	at org.junit.platform.engine.support.hierarchical.Node.around(Node.java:137) ~[junit-platform-engine-1.10.1.jar:1.10.1]
	at org.junit.platform.engine.support.hierarchical.NodeTestTask.lambda$executeRecursively$9(NodeTestTask.java:139) ~[junit-platform-engine-1.10.1.jar:1.10.1]
	at org.junit.platform.engine.support.hierarchical.ThrowableCollector.execute(ThrowableCollector.java:73) ~[junit-platform-engine-1.10.1.jar:1.10.1]
	at org.junit.platform.engine.support.hierarchical.NodeTestTask.executeRecursively(NodeTestTask.java:138) ~[junit-platform-engine-1.10.1.jar:1.10.1]
	at org.junit.platform.engine.support.hierarchical.NodeTestTask.execute(NodeTestTask.java:95) ~[junit-platform-engine-1.10.1.jar:1.10.1]
	at java.base/java.util.ArrayList.forEach(ArrayList.java:1604) ~[na:na]
[...]
    drop table if exists member cascade 
Hibernate: 
    drop table if exists member cascade 
]]></system-out>
  </testcase>
  <testcase name="testCreateInvalidMember" classname="org.jboss.as.quickstarts.kitchensink.KitchensinkApplicationTests" time="0.018">
    <system-out><![CDATA[&amp#27;[2m2025-08-25T13:31:14.109-07:00&amp#27;[0;39m &amp#27;[32m INFO&amp#27;[0;39m &amp#27;[35m63658&amp#27;[0;39m &amp#27;[2m---&amp#27;[0;39m &amp#27;[2m[kitchensink-spring-boot] [           main]&amp#27;[0;39m &amp#27;[2m&amp#27;[0;39m&amp#27;[36mo.s.b.d.r.RestartApplicationListener    &amp#27;[0;39m &amp#27;[2m:&amp#27;[0;39m Restart disabled due to context in which it is running

  .   ____          _            __ _ _
 /\\ / ___'_ __ _ _(_)_ __  __ _ \ \ \ \
( ( )\___ | '_ | '_| | '_ \/ _` | \ \ \ \
 \\/  ___)| |_)| | | | | || (_| |  ) ) ) )
  '  |____| .__|_| |_|_| |_\__, | / / / /
 =========|_|==============|___/=/_/_/_/
&amp#27;[32m :: Spring Boot :: &amp#27;[39m              &amp#27;[2m (v3.2.1)&amp#27;[0;39m

&amp#27;[2m2025-08-25T13:31:14.121-07:00&amp#27;[0;39m &amp#27;[32m INFO&amp#27;[0;39m &amp#27;[35m63658&amp#27;[0;39m &amp#27;[2m---&amp#27;[0;39m &amp#27;[2m[kitchensink-spring-boot] [           main]&amp#27;[0;39m &amp#27;[2m&amp#27;[0;39m&amp#27;[36mo.j.a.q.k.KitchensinkApplicationTests   &amp#27;[0;39m &amp#27;[2m:&amp#27;[0;39m Starting KitchensinkApplicationTests using Java 24.0.2 with PID 63658 (started by shivamtrivedi in /Users/shivamtrivedi/workspace/jboss-eap-quickstarts/kitchensink-spring-boot)
&amp#27;[2m2025-08-25T13:31:14.121-07:00&amp#27;[0;39m &amp#27;[32m INFO&amp#27;[0;39m &amp#27;[35m63658&amp#27;[0;39m &amp#27;[2m---&amp#27;[0;39m &amp#27;[2m[kitchensink-spring-boot] [           main]&amp#27;[0;39m &amp#27;[2m&amp#27;[0;39m&amp#27;[36mo.j.a.q.k.KitchensinkApplicationTests   &amp#27;[0;39m &amp#27;[2m:&amp#27;[0;39m No active profile set, falling back to 1 default profile: "default"
&amp#27;[2m2025-08-25T13:31:14.158-07:00&amp#27;[0;39m &amp#27;[32m INFO&amp#27;[0;39m &amp#27;[35m63658&amp#27;[0;39m &amp#27;[2m---&amp#27;[0;39m &amp#27;[2m[kitchensink-spring-boot] [           main]&amp#27;[0;39m &amp#27;[2m&amp#27;[0;39m&amp#27;[36m.s.d.r.c.RepositoryConfigurationDelegate&amp#27;[0;39m &amp#27;[2m:&amp#27;[0;39m Bootstrapping Spring Data JPA repositories in DEFAULT mode.
&amp#27;[2m2025-08-25T13:31:14.160-07:00&amp#27;[0;39m &amp#27;[32m INFO&amp#27;[0;39m &amp#27;[35m63658&amp#27;[0;39m &amp#27;[2m---&amp#27;[0;39m &amp#27;[2m[kitchensink-spring-boot] [           main]&amp#27;[0;39m &amp#27;[2m&amp#27;[0;39m&amp#27;[36m.s.d.r.c.RepositoryConfigurationDelegate&amp#27;[0;39m &amp#27;[2m:&amp#27;[0;39m Finished Spring Data repository scanning in 2 ms. Found 1 JPA repository interface.
&amp#27;[2m2025-08-25T13:31:14.176-07:00&amp#27;[0;39m &amp#27;[32m INFO&amp#27;[0;39m &amp#27;[35m63658&amp#27;[0;39m &amp#27;[2m---&amp#27;[0;39m &amp#27;[2m[kitchensink-spring-boot] [           main]&amp#27;[0;39m &amp#27;[2m&amp#27;[0;39m&amp#27;[36mbeddedDataSourceBeanFactoryPostProcessor&amp#27;[0;39m &amp#27;[2m:&amp#27;[0;39m Replacing 'dataSource' DataSource bean with embedded version
&amp#27;[2m2025-08-25T13:31:14.191-07:00&amp#27;[0;39m &amp#27;[32m INFO&amp#27;[0;39m &amp#27;[35m63658&amp#27;[0;39m &amp#27;[2m---&amp#27;[0;39m &amp#27;[2m[kitchensink-spring-boot] [           main]&amp#27;[0;39m &amp#27;[2m&amp#27;[0;39m&amp#27;[36mo.s.b.w.embedded.tomcat.TomcatWebServer &amp#27;[0;39m &amp#27;[2m:&amp#27;[0;39m Tomcat initialized with port 0 (http)
&amp#27;[2m2025-08-25T13:31:14.191-07:00&amp#27;[0;39m &amp#27;[32m INFO&amp#27;[0;39m &amp#27;[35m63658&amp#27;[0;39m &amp#27;[2m---&amp#27;[0;39m &amp#27;[2m[kitchensink-spring-boot] [           main]&amp#27;[0;39m &amp#27;[2m&amp#27;[0;39m&amp#27;[36mo.apache.catalina.core.StandardService  &amp#27;[0;39m &amp#27;[2m:&amp#27;[0;39m Starting service [Tomcat]
&amp#27;[2m2025-08-25T13:31:14.191-07:00&amp#27;[0;39m &amp#27;[32m INFO&amp#27;[0;39m &amp#27;[35m63658&amp#27;[0;39m &amp#27;[2m---&amp#27;[0;39m &amp#27;[2m[kitchensink-spring-boot] [           main]&amp#27;[0;39m &amp#27;[2m&amp#27;[0;39m&amp#27;[36mo.apache.catalina.core.StandardEngine   &amp#27;[0;39m &amp#27;[2m:&amp#27;[0;39m Starting Servlet engine: [Apache Tomcat/10.1.17]
&amp#27;[2m2025-08-25T13:31:14.195-07:00&amp#27;[0;39m &amp#27;[32m INFO&amp#27;[0;39m &amp#27;[35m63658&amp#27;[0;39m &amp#27;[2m---&amp#27;[0;39m &amp#27;[2m[kitchensink-spring-boot] [           main]&amp#27;[0;39m &amp#27;[2m&amp#27;[0;39m&amp#27;[36mo.a.c.c.C.[Tomcat].[localhost].[/]      &amp#27;[0;39m &amp#27;[2m:&amp#27;[0;39m Initializing Spring embedded WebApplicationContext
&amp#27;[2m2025-08-25T13:31:14.195-07:00&amp#27;[0;39m &amp#27;[32m INFO&amp#27;[0;39m &amp#27;[35m63658&amp#27;[0;39m &amp#27;[2m---&amp#27;[0;39m &amp#27;[2m[kitchensink-spring-boot] [           main]&amp#27;[0;39m &amp#27;[2m&amp#27;[0;39m&amp#27;[36mw.s.c.ServletWebServerApplicationContext&amp#27;[0;39m &amp#27;[2m:&amp#27;[0;39m Root WebApplicationContext: initialization completed in 73 ms
&amp#27;[2m2025-08-25T13:31:14.197-07:00&amp#27;[0;39m &amp#27;[32m INFO&amp#27;[0;39m &amp#27;[35m63658&amp#27;[0;39m &amp#27;[2m---&amp#27;[0;39m &amp#27;[2m[kitchensink-spring-boot] [           main]&amp#27;[0;39m &amp#27;[2m&amp#27;[0;39m&amp#27;[36mo.s.j.d.e.EmbeddedDatabaseFactory       &amp#27;[0;39m &amp#27;[2m:&amp#27;[0;39m Starting embedded database: url='jdbc:h2:mem:5ad776c1-867a-4b5f-b2b7-9ab6d10070c4;DB_CLOSE_DELAY=-1;DB_CLOSE_ON_EXIT=false', username='sa'
&amp#27;[2m2025-08-25T13:31:14.198-07:00&amp#27;[0;39m &amp#27;[32m INFO&amp#27;[0;39m &amp#27;[35m63658&amp#27;[0;39m &amp#27;[2m---&amp#27;[0;39m &amp#27;[2m[kitchensink-spring-boot] [           main]&amp#27;[0;39m &amp#27;[2m&amp#27;[0;39m&amp#27;[36mo.s.b.a.h2.H2ConsoleAutoConfiguration   &amp#27;[0;39m &amp#27;[2m:&amp#27;[0;39m H2 console available at '/h2-console'. Database available at 'jdbc:h2:mem:5ad776c1-867a-4b5f-b2b7-9ab6d10070c4'
&amp#27;[2m2025-08-25T13:31:14.205-07:00&amp#27;[0;39m &amp#27;[32m INFO&amp#27;[0;39m &amp#27;[35m63658&amp#27;[0;39m &amp#27;[2m---&amp#27;[0;39m &amp#27;[2m[kitchensink-spring-boot] [           main]&amp#27;[0;39m &amp#27;[2m&amp#27;[0;39m&amp#27;[36mo.hibernate.jpa.internal.util.LogHelper &amp#27;[0;39m &amp#27;[2m:&amp#27;[0;39m HHH000204: Processing PersistenceUnitInfo [name: default]
&amp#27;[2m2025-08-25T13:31:14.206-07:00&amp#27;[0;39m &amp#27;[32m INFO&amp#27;[0;39m &amp#27;[35m63658&amp#27;[0;39m &amp#27;[2m---&amp#27;[0;39m &amp#27;[2m[kitchensink-spring-boot] [           main]&amp#27;[0;39m &amp#27;[2m&amp#27;[0;39m&amp#27;[36mo.h.c.internal.RegionFactoryInitiator   &amp#27;[0;39m &amp#27;[2m:&amp#27;[0;39m HHH000026: Second-level cache disabled
&amp#27;[2m2025-08-25T13:31:14.207-07:00&amp#27;[0;39m &amp#27;[32m INFO&amp#27;[0;39m &amp#27;[35m63658&amp#27;[0;39m &amp#27;[2m---&amp#27;[0;39m &amp#27;[2m[kitchensink-spring-boot] [           main]&amp#27;[0;39m &amp#27;[2m&amp#27;[0;39m&amp#27;[36mo.s.o.j.p.SpringPersistenceUnitInfo     &amp#27;[0;39m &amp#27;[2m:&amp#27;[0;39m No LoadTimeWeaver setup: ignoring JPA class transformer
&amp#27;[2m2025-08-25T13:31:14.207-07:00&amp#27;[0;39m &amp#27;[33m WARN&amp#27;[0;39m &amp#27;[35m63658&amp#27;[0;39m &amp#27;[2m---&amp#27;[0;39m &amp#27;[2m[kitchensink-spring-boot] [           main]&amp#27;[0;39m &amp#27;[2m&amp#27;[0;39m&amp#27;[36morg.hibernate.orm.deprecation           &amp#27;[0;39m &amp#27;[2m:&amp#27;[0;39m HHH90000025: H2Dialect does not need to be specified explicitly using 'hibernate.dialect' (remove the property setting and it will be selected by default)
&amp#27;[2m2025-08-25T13:31:14.218-07:00&amp#27;[0;39m &amp#27;[32m INFO&amp#27;[0;39m &amp#27;[35m63658&amp#27;[0;39m &amp#27;[2m---&amp#27;[0;39m &amp#27;[2m[kitchensink-spring-boot] [           main]&amp#27;[0;39m &amp#27;[2m&amp#27;[0;39m&amp#27;[36mo.h.e.t.j.p.i.JtaPlatformInitiator      &amp#27;[0;39m &amp#27;[2m:&amp#27;[0;39m HHH000489: No JTA platform available (set 'hibernate.transaction.jta.platform' to enable JTA platform integration)
&amp#27;[2m2025-08-25T13:31:14.218-07:00&amp#27;[0;39m &amp#27;[32mDEBUG&amp#27;[0;39m &amp#27;[35m63658&amp#27;[0;39m &amp#27;[2m---&amp#27;[0;39m &amp#27;[2m[kitchensink-spring-boot] [           main]&amp#27;[0;39m &amp#27;[2m&amp#27;[0;39m&amp#27;[36morg.hibernate.SQL                       &amp#27;[0;39m &amp#27;[2m:&amp#27;[0;39m 
    drop table if exists member cascade 
Hibernate: 
    drop table if exists member cascade 
&amp#27;[2m2025-08-25T13:31:14.219-07:00&amp#27;[0;39m &amp#27;[32mDEBUG&amp#27;[0;39m &amp#27;[35m63658&amp#27;[0;39m &amp#27;[2m---&amp#27;[0;39m &amp#27;[2m[kitchensink-spring-boot] [           main]&amp#27;[0;39m &amp#27;[2m&amp#27;[0;39m&amp#27;[36morg.hibernate.SQL                       &amp#27;[0;39m &amp#27;[2m:&amp#27;[0;39m 
    create table member (
        id bigint generated by default as identity,
        phone_number varchar(12) not null,
        name varchar(25) not null,
        email varchar(255) not null,
        primary key (id),
        unique (email)
    )
Hibernate: 
    create table member (
        id bigint generated by default as identity,
        phone_number varchar(12) not null,
        name varchar(25) not null,
        email varchar(255) not null,
        primary key (id),
        unique (email)
    )
&amp#27;[2m2025-08-25T13:31:14.220-07:00&amp#27;[0;39m &amp#27;[32m INFO&amp#27;[0;39m &amp#27;[35m63658&amp#27;[0;39m &amp#27;[2m---&amp#27;[0;39m &amp#27;[2m[kitchensink-spring-boot] [           main]&amp#27;[0;39m &amp#27;[2m&amp#27;[0;39m&amp#27;[36mj.LocalContainerEntityManagerFactoryBean&amp#27;[0;39m &amp#27;[2m:&amp#27;[0;39m Initialized JPA EntityManagerFactory for persistence unit 'default'
&amp#27;[2m2025-08-25T13:31:14.237-07:00&amp#27;[0;39m &amp#27;[33m WARN&amp#27;[0;39m &amp#27;[35m63658&amp#27;[0;39m &amp#27;[2m---&amp#27;[0;39m &amp#27;[2m[kitchensink-spring-boot] [           main]&amp#27;[0;39m &amp#27;[2m&amp#27;[0;39m&amp#27;[36mJpaBaseConfiguration$JpaWebConfiguration&amp#27;[0;39m &amp#27;[2m:&amp#27;[0;39m spring.jpa.open-in-view is enabled by default. Therefore, database queries may be performed during view rendering. Explicitly configure spring.jpa.open-in-view to disable this warning
&amp#27;[2m2025-08-25T13:31:14.263-07:00&amp#27;[0;39m &amp#27;[32m INFO&amp#27;[0;39m &amp#27;[35m63658&amp#27;[0;39m &amp#27;[2m---&amp#27;[0;39m &amp#27;[2m[kitchensink-spring-boot] [           main]&amp#27;[0;39m &amp#27;[2m&amp#27;[0;39m&amp#27;[36mo.s.b.w.embedded.tomcat.TomcatWebServer &amp#27;[0;39m &amp#27;[2m:&amp#27;[0;39m Tomcat started on port 64256 (http) with context path ''
&amp#27;[2m2025-08-25T13:31:14.264-07:00&amp#27;[0;39m &amp#27;[32m INFO&amp#27;[0;39m &amp#27;[35m63658&amp#27;[0;39m &amp#27;[2m---&amp#27;[0;39m &amp#27;[2m[kitchensink-spring-boot] [           main]&amp#27;[0;39m &amp#27;[2m&amp#27;[0;39m&amp#27;[36mo.j.a.q.k.KitchensinkApplicationTests   &amp#27;[0;39m &amp#27;[2m:&amp#27;[0;39m Started KitchensinkApplicationTests in 0.155 seconds (process running for 2.912)
&amp#27;[2m2025-08-25T13:31:14.264-07:00&amp#27;[0;39m &amp#27;[32m INFO&amp#27;[0;39m &amp#27;[35m63658&amp#27;[0;39m &amp#27;[2m---&amp#27;[0;39m &amp#27;[2m[kitchensink-spring-boot] [           main]&amp#27;[0;39m &amp#27;[2m&amp#27;[0;39m&amp#27;[36mo.j.a.q.k.KitchensinkApplication        &amp#27;[0;39m &amp#27;[2m:&amp#27;[0;39m Kitchensink Spring Boot Application Started
&amp#27;[2m2025-08-25T13:31:14.264-07:00&amp#27;[0;39m &amp#27;[32m INFO&amp#27;[0;39m &amp#27;[35m63658&amp#27;[0;39m &amp#27;[2m---&amp#27;[0;39m &amp#27;[2m[kitchensink-spring-boot] [           main]&amp#27;[0;39m &amp#27;[2m&amp#27;[0;39m&amp#27;[36mo.j.a.q.k.KitchensinkApplication        &amp#27;[0;39m &amp#27;[2m:&amp#27;[0;39m Access the REST API at: http://localhost:8080/api/members
&amp#27;[2m2025-08-25T13:31:14.264-07:00&amp#27;[0;39m &amp#27;[32m INFO&amp#27;[0;39m &amp#27;[35m63658&amp#27;[0;39m &amp#27;[2m---&amp#27;[0;39m &amp#27;[2m[kitchensink-spring-boot] [           main]&amp#27;[0;39m &amp#27;[2m&amp#27;[0;39m&amp#27;[36mo.j.a.q.k.KitchensinkApplication        &amp#27;[0;39m &amp#27;[2m:&amp#27;[0;39m Access the H2 Console at: http://localhost:8080/h2-console (if enabled)
&amp#27;[2m2025-08-25T13:31:14.268-07:00&amp#27;[0;39m &amp#27;[32m INFO&amp#27;[0;39m &amp#27;[35m63658&amp#27;[0;39m &amp#27;[2m---&amp#27;[0;39m &amp#27;[2m[kitchensink-spring-boot] [o-auto-3-exec-1]&amp#27;[0;39m &amp#27;[2m&amp#27;[0;39m&amp#27;[36mo.a.c.c.C.[Tomcat].[localhost].[/]      &amp#27;[0;39m &amp#27;[2m:&amp#27;[0;39m Initializing Spring DispatcherServlet 'dispatcherServlet'
&amp#27;[2m2025-08-25T13:31:14.268-07:00&amp#27;[0;39m &amp#27;[32m INFO&amp#27;[0;39m &amp#27;[35m63658&amp#27;[0;39m &amp#27;[2m---&amp#27;[0;39m &amp#27;[2m[kitchensink-spring-boot] [o-auto-3-exec-1]&amp#27;[0;39m &amp#27;[2m&amp#27;[0;39m&amp#27;[36mo.s.web.servlet.DispatcherServlet       &amp#27;[0;39m &amp#27;[2m:&amp#27;[0;39m Initializing Servlet 'dispatcherServlet'
&amp#27;[2m2025-08-25T13:31:14.268-07:00&amp#27;[0;39m &amp#27;[32m INFO&amp#27;[0;39m &amp#27;[35m63658&amp#27;[0;39m &amp#27;[2m---&amp#27;[0;39m &amp#27;[2m[kitchensink-spring-boot] [o-auto-3-exec-1]&amp#27;[0;39m &amp#27;[2m&amp#27;[0;39m&amp#27;[36mo.s.web.servlet.DispatcherServlet       &amp#27;[0;39m &amp#27;[2m:&amp#27;[0;39m Completed initialization in 0 ms
&amp#27;[2m2025-08-25T13:31:14.278-07:00&amp#27;[0;39m &amp#27;[31mERROR&amp#27;[0;39m &amp#27;[35m63658&amp#27;[0;39m &amp#27;[2m---&amp#27;[0;39m &amp#27;[2m[kitchensink-spring-boot] [o-auto-3-exec-1]&amp#27;[0;39m &amp#27;[2m&amp#27;[0;39m&amp#27;[36mo.j.a.q.k.e.GlobalExceptionHandler      &amp#27;[0;39m &amp#27;[2m:&amp#27;[0;39m Method argument validation error: Validation failed for argument [0] in public org.springframework.http.ResponseEntity<?> org.jboss.as.quickstarts.kitchensink.controller.MemberController.createMember(org.jboss.as.quickstarts.kitchensink.model.Member) with 4 errors: [Field error in object 'member' on field 'email': rejected value [null]; codes [NotEmpty.member.email,NotEmpty.email,NotEmpty.java.lang.String,NotEmpty]; arguments [org.springframework.context.support.DefaultMessageSourceResolvable: codes [member.email,email]; arguments []; default message [email]]; default message [must not be empty]] [Field error in object 'member' on field 'email': rejected value [null]; codes [NotNull.member.email,NotNull.email,NotNull.java.lang.String,NotNull]; arguments [org.springframework.context.support.DefaultMessageSourceResolvable: codes [member.email,email]; arguments []; default message [email]]; default message [must not be null]] [Field error in object 'member' on field 'phoneNumber': rejected value [null]; codes [NotNull.member.phoneNumber,NotNull.phoneNumber,NotNull.java.lang.String,NotNull]; arguments [org.springframework.context.support.DefaultMessageSourceResolvable: codes [member.phoneNumber,phoneNumber]; arguments []; default message [phoneNumber]]; default message [must not be null]] [Field error in object 'member' on field 'name': rejected value [null]; codes [NotNull.member.name,NotNull.name,NotNull.java.lang.String,NotNull]; arguments [org.springframework.context.support.DefaultMessageSourceResolvable: codes [member.name,name]; arguments []; default message [name]]; default message [must not be null]] 
]]></system-out>
  </testcase>
  <testcase name="testCreateMemberWithDuplicateEmail" classname="org.jboss.as.quickstarts.kitchensink.KitchensinkApplicationTests" time="0.007">
    <system-out><![CDATA[&amp#27;[2m2025-08-25T13:31:14.287-07:00&amp#27;[0;39m &amp#27;[32mDEBUG&amp#27;[0;39m &amp#27;[35m63658&amp#27;[0;39m &amp#27;[2m---&amp#27;[0;39m &amp#27;[2m[kitchensink-spring-boot] [o-auto-3-exec-2]&amp#27;[0;39m &amp#27;[2m&amp#27;[0;39m&amp#27;[36morg.hibernate.SQL                       &amp#27;[0;39m &amp#27;[2m:&amp#27;[0;39m 
    select
        m1_0.id,
        m1_0.email,
        m1_0.name,
        m1_0.phone_number 
    from
        member m1_0 
    where
        m1_0.email=?
Hibernate: 
    select
        m1_0.id,
        m1_0.email,
        m1_0.name,
        m1_0.phone_number 
    from
        member m1_0 
    where
        m1_0.email=?
]]></system-out>
  </testcase>
  <testcase name="testInvalidPhoneNumber" classname="org.jboss.as.quickstarts.kitchensink.KitchensinkApplicationTests" time="0.006">
    <system-out><![CDATA[&amp#27;[2m2025-08-25T13:31:14.294-07:00&amp#27;[0;39m &amp#27;[31mERROR&amp#27;[0;39m &amp#27;[35m63658&amp#27;[0;39m &amp#27;[2m---&amp#27;[0;39m &amp#27;[2m[kitchensink-spring-boot] [o-auto-3-exec-3]&amp#27;[0;39m &amp#27;[2m&amp#27;[0;39m&amp#27;[36mo.j.a.q.k.e.GlobalExceptionHandler      &amp#27;[0;39m &amp#27;[2m:&amp#27;[0;39m Method argument validation error: Validation failed for argument [0] in public org.springframework.http.ResponseEntity<?> org.jboss.as.quickstarts.kitchensink.controller.MemberController.createMember(org.jboss.as.quickstarts.kitchensink.model.Member): [Field error in object 'member' on field 'phoneNumber': rejected value [123]; codes [Size.member.phoneNumber,Size.phoneNumber,Size.java.lang.String,Size]; arguments [org.springframework.context.support.DefaultMessageSourceResolvable: codes [member.phoneNumber,phoneNumber]; arguments []; default message [phoneNumber],12,10]; default message [size must be between 10 and 12]] 
]]></system-out>
  </testcase>
  <testcase name="testInvalidEmail" classname="org.jboss.as.quickstarts.kitchensink.KitchensinkApplicationTests" time="0.004">
    <system-out><![CDATA[&amp#27;[2m2025-08-25T13:31:14.299-07:00&amp#27;[0;39m &amp#27;[31mERROR&amp#27;[0;39m &amp#27;[35m63658&amp#27;[0;39m &amp#27;[2m---&amp#27;[0;39m &amp#27;[2m[kitchensink-spring-boot] [o-auto-3-exec-4]&amp#27;[0;39m &amp#27;[2m&amp#27;[0;39m&amp#27;[36mo.j.a.q.k.e.GlobalExceptionHandler      &amp#27;[0;39m &amp#27;[2m:&amp#27;[0;39m Method argument validation error: Validation failed for argument [0] in public org.springframework.http.ResponseEntity<?> org.jboss.as.quickstarts.kitchensink.controller.MemberController.createMember(org.jboss.as.quickstarts.kitchensink.model.Member): [Field error in object 'member' on field 'email': rejected value [not-an-email]; codes [Email.member.email,Email.email,Email.java.lang.String,Email]; arguments [org.springframework.context.support.DefaultMessageSourceResolvable: codes [member.email,email]; arguments []; default message [email],[Ljakarta.validation.constraints.Pattern$Flag;@211330a3,.*]; default message [must be a well-formed email address]] 
]]></system-out>
  </testcase>
  <testcase name="testInvalidName" classname="org.jboss.as.quickstarts.kitchensink.KitchensinkApplicationTests" time="0.003">
    <system-out><![CDATA[&amp#27;[2m2025-08-25T13:31:14.303-07:00&amp#27;[0;39m &amp#27;[31mERROR&amp#27;[0;39m &amp#27;[35m63658&amp#27;[0;39m &amp#27;[2m---&amp#27;[0;39m &amp#27;[2m[kitchensink-spring-boot] [o-auto-3-exec-5]&amp#27;[0;39m &amp#27;[2m&amp#27;[0;39m&amp#27;[36mo.j.a.q.k.e.GlobalExceptionHandler      &amp#27;[0;39m &amp#27;[2m:&amp#27;[0;39m Method argument validation error: Validation failed for argument [0] in public org.springframework.http.ResponseEntity<?> org.jboss.as.quickstarts.kitchensink.controller.MemberController.createMember(org.jboss.as.quickstarts.kitchensink.model.Member): [Field error in object 'member' on field 'name': rejected value [Name123]; codes [Pattern.member.name,Pattern.name,Pattern.java.lang.String,Pattern]; arguments [org.springframework.context.support.DefaultMessageSourceResolvable: codes [member.name,name]; arguments []; default message [name],[Ljakarta.validation.constraints.Pattern$Flag;@329af246,[^0-9]*]; default message [Must not contain numbers]] 
]]></system-out>
  </testcase>
</testsuite>